Log file open, 05/07/21 22:32:52
LogWindows: Failed to load 'aqProf.dll' (GetLastError=126)
LogWindows: File 'aqProf.dll' does not exist
LogWindows: Failed to load 'VtuneApi.dll' (GetLastError=126)
LogWindows: File 'VtuneApi.dll' does not exist
LogWindows: Failed to load 'VtuneApi32e.dll' (GetLastError=126)
LogWindows: File 'VtuneApi32e.dll' does not exist
LogConsoleResponse: Display: Failed to find resolution value strings in scalability ini. Falling back to default.
LogInit: Display: Running engine for game: multiplayerFps
LogPlatformFile: Not using cached read wrapper
LogTaskGraph: Started task graph with 5 named threads and 14 total threads with 3 sets of task threads.
LogStats: Stats thread started at 0.077041
LogD3D11RHI: Loaded GFSDK_Aftermath_Lib.x64.dll
LogICUInternationalization: ICU TimeZone Detection - Raw Offset: +1:00, Platform Override: ''
LogPluginManager: Mounting plugin Paper2D
LogPluginManager: Mounting plugin AISupport
LogPluginManager: Mounting plugin LightPropagationVolume
LogPluginManager: Mounting plugin ActorLayerUtilities
LogPluginManager: Mounting plugin AnimationSharing
LogPluginManager: Mounting plugin CLionSourceCodeAccess
LogPluginManager: Mounting plugin CodeLiteSourceCodeAccess
LogPluginManager: Mounting plugin GitSourceControl
LogPluginManager: Mounting plugin KDevelopSourceCodeAccess
LogPluginManager: Mounting plugin NullSourceCodeAccess
LogPluginManager: Mounting plugin PerforceSourceControl
LogPluginManager: Mounting plugin SubversionSourceControl
LogPluginManager: Mounting plugin UObjectPlugin
LogPluginManager: Mounting plugin VisualStudioCodeSourceCodeAccess
LogPluginManager: Mounting plugin VisualStudioSourceCodeAccess
LogPluginManager: Mounting plugin XCodeSourceCodeAccess
LogPluginManager: Mounting plugin AssetManagerEditor
LogPluginManager: Mounting plugin CryptoKeys
LogPluginManager: Mounting plugin CurveEditorTools
LogPluginManager: Mounting plugin DataValidation
LogPluginManager: Mounting plugin FacialAnimation
LogPluginManager: Mounting plugin GameplayTagsEditor
LogPluginManager: Mounting plugin MacGraphicsSwitching
LogPluginManager: Mounting plugin MaterialAnalyzer
LogPluginManager: Mounting plugin MobileLauncherProfileWizard
LogPluginManager: Mounting plugin PluginBrowser
LogPluginManager: Mounting plugin SpeedTreeImporter
LogPluginManager: Mounting plugin DatasmithContent
LogPluginManager: Mounting plugin VariantManagerContent
LogPluginManager: Mounting plugin AlembicImporter
LogPluginManager: Mounting plugin AutomationUtils
LogPluginManager: Mounting plugin BackChannel
LogPluginManager: Mounting plugin CharacterAI
LogPluginManager: Mounting plugin GeometryCache
LogPluginManager: Mounting plugin HTML5Networking
LogPluginManager: Mounting plugin PlatformCrypto
LogPluginManager: Mounting plugin ProxyLODPlugin
LogPluginManager: Mounting plugin SkeletalReduction
LogPluginManager: Mounting plugin HoudiniNiagara
LogPluginManager: Mounting plugin Niagara
LogPluginManager: Mounting plugin NiagaraExtras
LogPluginManager: Mounting plugin MagicLeap
LogPluginManager: Mounting plugin MagicLeapMedia
LogPluginManager: Mounting plugin AndroidMedia
LogPluginManager: Mounting plugin AvfMedia
LogPluginManager: Mounting plugin ImgMedia
LogPluginManager: Mounting plugin MediaCompositing
LogPluginManager: Mounting plugin MediaPlayerEditor
LogPluginManager: Mounting plugin WebMMedia
LogPluginManager: Mounting plugin WmfMedia
LogPluginManager: Mounting plugin TcpMessaging
LogPluginManager: Mounting plugin UdpMessaging
LogPluginManager: Mounting plugin ActorSequence
LogPluginManager: Mounting plugin LevelSequenceEditor
LogPluginManager: Mounting plugin MatineeToLevelSequence
LogPluginManager: Mounting plugin NetcodeUnitTest
LogPluginManager: Mounting plugin NUTUnrealEngine4
LogPluginManager: Mounting plugin OnlineSubsystemGooglePlay
LogPluginManager: Mounting plugin OnlineSubsystemIOS
LogPluginManager: Mounting plugin OnlineSubsystem
LogPluginManager: Mounting plugin OnlineSubsystemNull
LogPluginManager: Mounting plugin OnlineSubsystemUtils
LogPluginManager: Mounting plugin LauncherChunkInstaller
LogPluginManager: Mounting plugin AndroidDeviceProfileSelector
LogPluginManager: Mounting plugin AndroidMoviePlayer
LogPluginManager: Mounting plugin AndroidPermission
LogPluginManager: Mounting plugin AppleImageUtils
LogPluginManager: Mounting plugin AppleMoviePlayer
LogPluginManager: Mounting plugin ArchVisCharacter
LogPluginManager: Mounting plugin AudioCapture
LogPluginManager: Mounting plugin CableComponent
LogPluginManager: Mounting plugin CustomMeshComponent
LogPluginManager: Mounting plugin EditableMesh
LogPluginManager: Mounting plugin ExampleDeviceProfileSelector
LogPluginManager: Mounting plugin GoogleCloudMessaging
LogPluginManager: Mounting plugin IOSDeviceProfileSelector
LogPluginManager: Mounting plugin LinuxDeviceProfileSelector
LogPluginManager: Mounting plugin LocationServicesBPLibrary
LogPluginManager: Mounting plugin MobilePatchingUtils
LogPluginManager: Mounting plugin OculusVR
LogPluginManager: Mounting plugin PhysXVehicles
LogPluginManager: Mounting plugin ProceduralMeshComponent
LogPluginManager: Mounting plugin RuntimePhysXCooking
LogPluginManager: Mounting plugin SignificanceManager
LogPluginManager: Mounting plugin SteamVR
LogPluginManager: Mounting plugin WebMMoviePlayer
LogPluginManager: Mounting plugin WindowsMoviePlayer
LogPluginManager: Mounting plugin ScreenshotTools
LogInit: Using libcurl 7.55.1-DEV
LogInit:  - built for x86_64-pc-win32
LogInit:  - supports SSL with OpenSSL/1.1.1
LogInit:  - supports HTTP deflate (compression) using libz 1.2.8
LogInit:  - other features:
LogInit:      CURL_VERSION_SSL
LogInit:      CURL_VERSION_LIBZ
LogInit:      CURL_VERSION_IPV6
LogInit:      CURL_VERSION_ASYNCHDNS
LogInit:      CURL_VERSION_LARGEFILE
LogInit:      CURL_VERSION_IDN
LogInit:  CurlRequestOptions (configurable via config and command line):
LogInit:  - bVerifyPeer = true  - Libcurl will verify peer certificate
LogInit:  - bUseHttpProxy = false  - Libcurl will NOT use HTTP proxy
LogInit:  - bDontReuseConnections = false  - Libcurl will reuse connections
LogInit:  - MaxHostConnections = 16  - Libcurl will limit the number of connections to a host
LogInit:  - LocalHostAddr = Default
LogInit:  - BufferSize = 65536
LogOnline: OSS: Creating online subsystem instance for: NULL
LogInit: WinSock: version 1.1 (2.2), MaxSocks=32767, MaxUdp=65467
LogHMD: Failed initializing OVRPlugin 1.37.0
LogInit: Build: ++UE4+Release-4.23-CL-9631420
LogInit: Engine Version: 4.23.1-9631420+++UE4+Release-4.23
LogInit: Compatible Engine Version: 4.23.0-8386587+++UE4+Release-4.23
LogInit: Net CL: 8386587
LogInit: OS: Windows 10 (Release 2009) (), CPU: Intel(R) Core(TM) i5-7400 CPU @ 3.00GHz, GPU: NVIDIA GeForce GTX 1060 3GB
LogInit: Compiled (64-bit): Oct 18 2019 02:07:44
LogInit: Compiled with Visual C++: 19.16.27030.01
LogInit: Build Configuration: Development
LogInit: Branch Name: ++UE4+Release-4.23
LogInit: Command Line: 
LogInit: Base Directory: D:/UE_4.23/Engine/Binaries/Win64/
LogInit: Installed Engine Build: 1
LogDevObjectVersion: Number of dev versions registered: 23
LogDevObjectVersion:   Dev-Blueprints (B0D832E4-1F89-4F0D-ACCF-7EB736FD4AA2): 10
LogDevObjectVersion:   Dev-Build (E1C64328-A22C-4D53-A36C-8E866417BD8C): 0
LogDevObjectVersion:   Dev-Core (375EC13C-06E4-48FB-B500-84F0262A717E): 3
LogDevObjectVersion:   Dev-Editor (E4B068ED-F494-42E9-A231-DA0B2E46BB41): 34
LogDevObjectVersion:   Dev-Framework (CFFC743F-43B0-4480-9391-14DF171D2073): 35
LogDevObjectVersion:   Dev-Mobile (B02B49B5-BB20-44E9-A304-32B752E40360): 2
LogDevObjectVersion:   Dev-Networking (A4E4105C-59A1-49B5-A7C5-40C4547EDFEE): 0
LogDevObjectVersion:   Dev-Online (39C831C9-5AE6-47DC-9A44-9C173E1C8E7C): 0
LogDevObjectVersion:   Dev-Physics (78F01B33-EBEA-4F98-B9B4-84EACCB95AA2): 0
LogDevObjectVersion:   Dev-Platform (6631380F-2D4D-43E0-8009-CF276956A95A): 0
LogDevObjectVersion:   Dev-Rendering (12F88B9F-8875-4AFC-A67C-D90C383ABD29): 31
LogDevObjectVersion:   Dev-Sequencer (7B5AE74C-D270-4C10-A958-57980B212A5A): 11
LogDevObjectVersion:   Dev-VR (D7296918-1DD6-4BDD-9DE2-64A83CC13884): 2
LogDevObjectVersion:   Dev-LoadTimes (C2A15278-BFE7-4AFE-6C17-90FF531DF755): 1
LogDevObjectVersion:   Private-Geometry (6EACA3D4-40EC-4CC1-B786-8BED09428FC5): 3
LogDevObjectVersion:   Dev-AnimPhys (29E575DD-E0A3-4627-9D10-D276232CDCEA): 17
LogDevObjectVersion:   Dev-Anim (AF43A65D-7FD3-4947-9873-3E8ED9C1BB05): 2
LogDevObjectVersion:   Dev-ReflectionCapture (6B266CEC-1EC7-4B8F-A30B-E4D90942FC07): 1
LogDevObjectVersion:   Dev-Automation (0DF73D61-A23F-47EA-B727-89E90C41499A): 1
LogDevObjectVersion:   FortniteMain (601D1886-AC64-4F84-AA16-D3DE0DEAC7D6): 27
LogDevObjectVersion:   Dev-Enterprise (9DFFBCD6-494F-0158-E221-12823C92A888): 6
LogDevObjectVersion:   Dev-Niagara (F2AED0AC-9AFE-416F-8664-AA7FFA26D6FC): 1
LogDevObjectVersion:   Dev-Destruction (174F1F0B-B4C6-45A5-B13F-2EE8D0FB917D): 9
LogInit: Presizing for max 16777216 objects, including 0 objects not considered by GC, pre-allocating 0 bytes for permanent pool.
LogInit: Object subsystem initialized
LogConfig: Setting CVar [[con.DebugEarlyDefault:1]]
LogConfig: Setting CVar [[r.setres:1280x720]]
[2021.05.07-20.32.53:184][  0]LogConfig: Setting CVar [[r.VSync:0]]
[2021.05.07-20.32.53:184][  0]LogConfig: Setting CVar [[r.RHICmdBypass:0]]
[2021.05.07-20.32.53:184][  0]LogConfig: Applying CVar settings from Section [/Script/Engine.RendererSettings] File [C:/xampp/htdocs/GitHub/fpsGame/multiplayerFps/Saved/Config/Windows/Engine.ini]
[2021.05.07-20.32.53:184][  0]LogConfig: Setting CVar [[r.GPUCrashDebugging:0]]
[2021.05.07-20.32.53:184][  0]LogConfig: Setting CVar [[r.DefaultFeature.AutoExposure.ExtendDefaultLuminanceRange:1]]
[2021.05.07-20.32.53:184][  0]LogConfig: Applying CVar settings from Section [/Script/Engine.RendererOverrideSettings] File [C:/xampp/htdocs/GitHub/fpsGame/multiplayerFps/Saved/Config/Windows/Engine.ini]
[2021.05.07-20.32.53:184][  0]LogConfig: Applying CVar settings from Section [/Script/Engine.StreamingSettings] File [C:/xampp/htdocs/GitHub/fpsGame/multiplayerFps/Saved/Config/Windows/Engine.ini]
[2021.05.07-20.32.53:184][  0]LogConfig: Setting CVar [[s.MinBulkDataSizeForAsyncLoading:131072]]
[2021.05.07-20.32.53:184][  0]LogConfig: Setting CVar [[s.AsyncLoadingThreadEnabled:0]]
[2021.05.07-20.32.53:184][  0]LogConfig: Setting CVar [[s.EventDrivenLoaderEnabled:1]]
[2021.05.07-20.32.53:184][  0]LogConfig: Setting CVar [[s.WarnIfTimeLimitExceeded:0]]
[2021.05.07-20.32.53:184][  0]LogConfig: Setting CVar [[s.TimeLimitExceededMultiplier:1.5]]
[2021.05.07-20.32.53:184][  0]LogConfig: Setting CVar [[s.TimeLimitExceededMinTime:0.005]]
[2021.05.07-20.32.53:184][  0]LogConfig: Setting CVar [[s.UseBackgroundLevelStreaming:1]]
[2021.05.07-20.32.53:184][  0]LogConfig: Setting CVar [[s.PriorityAsyncLoadingExtraTime:15.0]]
[2021.05.07-20.32.53:184][  0]LogConfig: Setting CVar [[s.LevelStreamingActorsUpdateTimeLimit:5.0]]
[2021.05.07-20.32.53:184][  0]LogConfig: Setting CVar [[s.PriorityLevelStreamingActorsUpdateExtraTime:5.0]]
[2021.05.07-20.32.53:184][  0]LogConfig: Setting CVar [[s.LevelStreamingComponentsRegistrationGranularity:10]]
[2021.05.07-20.32.53:184][  0]LogConfig: Setting CVar [[s.UnregisterComponentsTimeLimit:1.0]]
[2021.05.07-20.32.53:184][  0]LogConfig: Setting CVar [[s.LevelStreamingComponentsUnregistrationGranularity:5]]
[2021.05.07-20.32.53:184][  0]LogConfig: Applying CVar settings from Section [/Script/Engine.GarbageCollectionSettings] File [C:/xampp/htdocs/GitHub/fpsGame/multiplayerFps/Saved/Config/Windows/Engine.ini]
[2021.05.07-20.32.53:184][  0]LogConfig: Setting CVar [[gc.MaxObjectsNotConsideredByGC:1]]
[2021.05.07-20.32.53:184][  0]LogConfig: Setting CVar [[gc.SizeOfPermanentObjectPool:0]]
[2021.05.07-20.32.53:184][  0]LogConfig: Setting CVar [[gc.FlushStreamingOnGC:0]]
[2021.05.07-20.32.53:184][  0]LogConfig: Setting CVar [[gc.NumRetriesBeforeForcingGC:10]]
[2021.05.07-20.32.53:184][  0]LogConfig: Setting CVar [[gc.AllowParallelGC:1]]
[2021.05.07-20.32.53:184][  0]LogConfig: Setting CVar [[gc.TimeBetweenPurgingPendingKillObjects:61.1]]
[2021.05.07-20.32.53:184][  0]LogConfig: Setting CVar [[gc.MaxObjectsInEditor:16777216]]
[2021.05.07-20.32.53:184][  0]LogConfig: Setting CVar [[gc.IncrementalBeginDestroyEnabled:1]]
[2021.05.07-20.32.53:184][  0]LogConfig: Setting CVar [[gc.CreateGCClusters:1]]
[2021.05.07-20.32.53:184][  0]LogConfig: Setting CVar [[gc.MinGCClusterSize:5]]
[2021.05.07-20.32.53:184][  0]LogConfig: Setting CVar [[gc.ActorClusteringEnabled:0]]
[2021.05.07-20.32.53:184][  0]LogConfig: Setting CVar [[gc.BlueprintClusteringEnabled:0]]
[2021.05.07-20.32.53:184][  0]LogConfig: Setting CVar [[gc.UseDisregardForGCOnDedicatedServers:0]]
[2021.05.07-20.32.53:184][  0]LogConfig: Applying CVar settings from Section [/Script/Engine.NetworkSettings] File [C:/xampp/htdocs/GitHub/fpsGame/multiplayerFps/Saved/Config/Windows/Engine.ini]
[2021.05.07-20.32.53:184][  0]LogConfig: Applying CVar settings from Section [/Script/UnrealEd.CookerSettings] File [C:/xampp/htdocs/GitHub/fpsGame/multiplayerFps/Saved/Config/Windows/Engine.ini]
[2021.05.07-20.32.53:189][  0]LogConfig: Applying CVar settings from Section [ViewDistanceQuality@3] File [C:/xampp/htdocs/GitHub/fpsGame/multiplayerFps/Saved/Config/Windows/Scalability.ini]
[2021.05.07-20.32.53:189][  0]LogConfig: Setting CVar [[r.SkeletalMeshLODBias:0]]
[2021.05.07-20.32.53:189][  0]LogConfig: Setting CVar [[r.ViewDistanceScale:1.0]]
[2021.05.07-20.32.53:189][  0]LogConfig: Applying CVar settings from Section [AntiAliasingQuality@3] File [C:/xampp/htdocs/GitHub/fpsGame/multiplayerFps/Saved/Config/Windows/Scalability.ini]
[2021.05.07-20.32.53:189][  0]LogConfig: Setting CVar [[r.PostProcessAAQuality:4]]
[2021.05.07-20.32.53:189][  0]LogConfig: Applying CVar settings from Section [ShadowQuality@3] File [C:/xampp/htdocs/GitHub/fpsGame/multiplayerFps/Saved/Config/Windows/Scalability.ini]
[2021.05.07-20.32.53:189][  0]LogConfig: Setting CVar [[r.LightFunctionQuality:1]]
[2021.05.07-20.32.53:189][  0]LogConfig: Setting CVar [[r.ShadowQuality:5]]
[2021.05.07-20.32.53:189][  0]LogConfig: Setting CVar [[r.Shadow.CSM.MaxCascades:10]]
[2021.05.07-20.32.53:189][  0]LogConfig: Setting CVar [[r.Shadow.MaxResolution:2048]]
[2021.05.07-20.32.53:189][  0]LogConfig: Setting CVar [[r.Shadow.MaxCSMResolution:2048]]
[2021.05.07-20.32.53:189][  0]LogConfig: Setting CVar [[r.Shadow.RadiusThreshold:0.01]]
[2021.05.07-20.32.53:189][  0]LogConfig: Setting CVar [[r.Shadow.DistanceScale:1.0]]
[2021.05.07-20.32.53:189][  0]LogConfig: Setting CVar [[r.Shadow.CSM.TransitionScale:1.0]]
[2021.05.07-20.32.53:189][  0]LogConfig: Setting CVar [[r.Shadow.PreShadowResolutionFactor:1.0]]
[2021.05.07-20.32.53:189][  0]LogConfig: Setting CVar [[r.DistanceFieldShadowing:1]]
[2021.05.07-20.32.53:189][  0]LogConfig: Setting CVar [[r.DistanceFieldAO:1]]
[2021.05.07-20.32.53:189][  0]LogConfig: Setting CVar [[r.AOQuality:2]]
[2021.05.07-20.32.53:189][  0]LogConfig: Setting CVar [[r.VolumetricFog:1]]
[2021.05.07-20.32.53:189][  0]LogConfig: Setting CVar [[r.VolumetricFog.GridPixelSize:8]]
[2021.05.07-20.32.53:189][  0]LogConfig: Setting CVar [[r.VolumetricFog.GridSizeZ:128]]
[2021.05.07-20.32.53:189][  0]LogConfig: Setting CVar [[r.VolumetricFog.HistoryMissSupersampleCount:4]]
[2021.05.07-20.32.53:189][  0]LogConfig: Setting CVar [[r.LightMaxDrawDistanceScale:1]]
[2021.05.07-20.32.53:189][  0]LogConfig: Setting CVar [[r.CapsuleShadows:1]]
[2021.05.07-20.32.53:189][  0]LogConfig: Applying CVar settings from Section [PostProcessQuality@3] File [C:/xampp/htdocs/GitHub/fpsGame/multiplayerFps/Saved/Config/Windows/Scalability.ini]
[2021.05.07-20.32.53:189][  0]LogConfig: Setting CVar [[r.MotionBlurQuality:4]]
[2021.05.07-20.32.53:189][  0]LogConfig: Setting CVar [[r.AmbientOcclusionMipLevelFactor:0.4]]
[2021.05.07-20.32.53:189][  0]LogConfig: Setting CVar [[r.AmbientOcclusionMaxQuality:100]]
[2021.05.07-20.32.53:189][  0]LogConfig: Setting CVar [[r.AmbientOcclusionLevels:-1]]
[2021.05.07-20.32.53:189][  0]LogConfig: Setting CVar [[r.AmbientOcclusionRadiusScale:1.0]]
[2021.05.07-20.32.53:189][  0]LogConfig: Setting CVar [[r.DepthOfFieldQuality:2]]
[2021.05.07-20.32.53:189][  0]LogConfig: Setting CVar [[r.RenderTargetPoolMin:400]]
[2021.05.07-20.32.53:189][  0]LogConfig: Setting CVar [[r.LensFlareQuality:2]]
[2021.05.07-20.32.53:189][  0]LogConfig: Setting CVar [[r.SceneColorFringeQuality:1]]
[2021.05.07-20.32.53:189][  0]LogConfig: Setting CVar [[r.EyeAdaptationQuality:2]]
[2021.05.07-20.32.53:189][  0]LogConfig: Setting CVar [[r.BloomQuality:5]]
[2021.05.07-20.32.53:189][  0]LogConfig: Setting CVar [[r.FastBlurThreshold:100]]
[2021.05.07-20.32.53:189][  0]LogConfig: Setting CVar [[r.Upscale.Quality:3]]
[2021.05.07-20.32.53:189][  0]LogConfig: Setting CVar [[r.Tonemapper.GrainQuantization:1]]
[2021.05.07-20.32.53:189][  0]LogConfig: Setting CVar [[r.LightShaftQuality:1]]
[2021.05.07-20.32.53:189][  0]LogConfig: Setting CVar [[r.Filter.SizeScale:1]]
[2021.05.07-20.32.53:189][  0]LogConfig: Setting CVar [[r.Tonemapper.Quality:5]]
[2021.05.07-20.32.53:189][  0]LogConfig: Setting CVar [[r.DOF.Gather.AccumulatorQuality:1        ; higher gathering accumulator quality]]
[2021.05.07-20.32.53:189][  0]LogConfig: Setting CVar [[r.DOF.Gather.PostfilterMethod:1          ; Median3x3 postfilering method]]
[2021.05.07-20.32.53:189][  0]LogConfig: Setting CVar [[r.DOF.Gather.EnableBokehSettings:0       ; no bokeh simulation when gathering]]
[2021.05.07-20.32.53:189][  0]LogConfig: Setting CVar [[r.DOF.Gather.RingCount:4                 ; medium number of samples when gathering]]
[2021.05.07-20.32.53:189][  0]LogConfig: Setting CVar [[r.DOF.Scatter.ForegroundCompositing:1    ; additive foreground scattering]]
[2021.05.07-20.32.53:189][  0]LogConfig: Setting CVar [[r.DOF.Scatter.BackgroundCompositing:2    ; additive background scattering]]
[2021.05.07-20.32.53:189][  0]LogConfig: Setting CVar [[r.DOF.Scatter.EnableBokehSettings:1      ; bokeh simulation when scattering]]
[2021.05.07-20.32.53:189][  0]LogConfig: Setting CVar [[r.DOF.Scatter.MaxSpriteRatio:0.1         ; only a maximum of 10% of scattered bokeh]]
[2021.05.07-20.32.53:189][  0]LogConfig: Setting CVar [[r.DOF.Recombine.Quality:1                ; cheap slight out of focus]]
[2021.05.07-20.32.53:189][  0]LogConfig: Setting CVar [[r.DOF.Recombine.EnableBokehSettings:0    ; no bokeh simulation on slight out of focus]]
[2021.05.07-20.32.53:189][  0]LogConfig: Setting CVar [[r.DOF.TemporalAAQuality:1                ; more stable temporal accumulation]]
[2021.05.07-20.32.53:189][  0]LogConfig: Setting CVar [[r.DOF.Kernel.MaxForegroundRadius:0.025]]
[2021.05.07-20.32.53:189][  0]LogConfig: Setting CVar [[r.DOF.Kernel.MaxBackgroundRadius:0.025]]
[2021.05.07-20.32.53:189][  0]LogConfig: Applying CVar settings from Section [TextureQuality@3] File [C:/xampp/htdocs/GitHub/fpsGame/multiplayerFps/Saved/Config/Windows/Scalability.ini]
[2021.05.07-20.32.53:189][  0]LogConfig: Setting CVar [[r.Streaming.MipBias:0]]
[2021.05.07-20.32.53:189][  0]LogConfig: Setting CVar [[r.Streaming.AmortizeCPUToGPUCopy:0]]
[2021.05.07-20.32.53:189][  0]LogConfig: Setting CVar [[r.Streaming.MaxNumTexturesToStreamPerFrame:0]]
[2021.05.07-20.32.53:189][  0]LogConfig: Setting CVar [[r.Streaming.Boost:1]]
[2021.05.07-20.32.53:189][  0]LogConfig: Setting CVar [[r.MaxAnisotropy:8]]
[2021.05.07-20.32.53:189][  0]LogConfig: Setting CVar [[r.Streaming.LimitPoolSizeToVRAM:0]]
[2021.05.07-20.32.53:190][  0]LogConfig: Setting CVar [[r.Streaming.PoolSize:1000]]
[2021.05.07-20.32.53:190][  0]LogConfig: Setting CVar [[r.Streaming.MaxEffectiveScreenSize:0]]
[2021.05.07-20.32.53:190][  0]LogConfig: Applying CVar settings from Section [EffectsQuality@3] File [C:/xampp/htdocs/GitHub/fpsGame/multiplayerFps/Saved/Config/Windows/Scalability.ini]
[2021.05.07-20.32.53:190][  0]LogConfig: Setting CVar [[r.TranslucencyLightingVolumeDim:64]]
[2021.05.07-20.32.53:190][  0]LogConfig: Setting CVar [[r.RefractionQuality:2]]
[2021.05.07-20.32.53:190][  0]LogConfig: Setting CVar [[r.SSR.Quality:3]]
[2021.05.07-20.32.53:190][  0]LogConfig: Setting CVar [[r.SceneColorFormat:4]]
[2021.05.07-20.32.53:190][  0]LogConfig: Setting CVar [[r.DetailMode:2]]
[2021.05.07-20.32.53:190][  0]LogConfig: Setting CVar [[r.TranslucencyVolumeBlur:1]]
[2021.05.07-20.32.53:190][  0]LogConfig: Setting CVar [[r.MaterialQualityLevel:1 ; High quality]]
[2021.05.07-20.32.53:190][  0]LogConfig: Setting CVar [[r.SSS.Scale:1]]
[2021.05.07-20.32.53:190][  0]LogConfig: Setting CVar [[r.SSS.SampleSet:2]]
[2021.05.07-20.32.53:190][  0]LogConfig: Setting CVar [[r.SSS.Quality:1]]
[2021.05.07-20.32.53:190][  0]LogConfig: Setting CVar [[r.SSS.HalfRes:1]]
[2021.05.07-20.32.53:190][  0]LogConfig: Setting CVar [[r.EmitterSpawnRateScale:1.0]]
[2021.05.07-20.32.53:190][  0]LogConfig: Setting CVar [[r.ParticleLightQuality:2]]
[2021.05.07-20.32.53:190][  0]LogConfig: Applying CVar settings from Section [FoliageQuality@3] File [C:/xampp/htdocs/GitHub/fpsGame/multiplayerFps/Saved/Config/Windows/Scalability.ini]
[2021.05.07-20.32.53:190][  0]LogConfig: Setting CVar [[foliage.DensityScale:1.0]]
[2021.05.07-20.32.53:190][  0]LogConfig: Setting CVar [[grass.DensityScale:1.0]]
[2021.05.07-20.32.53:190][  0]LogInit: Selected Device Profile: [Windows]
[2021.05.07-20.32.53:190][  0]LogInit: Applying CVar settings loaded from the selected device profile: [Windows]
[2021.05.07-20.32.53:193][  0]LogHAL: Display: Platform has ~ 16 GB [17138921472 / 17179869184 / 16], which maps to Larger [LargestMinGB=32, LargerMinGB=12, DefaultMinGB=8, SmallerMinGB=6, SmallestMinGB=0)
[2021.05.07-20.32.53:193][  0]LogInit: Going up to parent DeviceProfile []
[2021.05.07-20.32.53:193][  0]LogConfig: Applying CVar settings from Section [ViewDistanceQuality@Cine] File [C:/xampp/htdocs/GitHub/fpsGame/multiplayerFps/Saved/Config/Windows/Scalability.ini]
[2021.05.07-20.32.53:193][  0]LogConfig: Setting CVar [[r.SkeletalMeshLODBias:0]]
[2021.05.07-20.32.53:193][  0]LogConfig: Setting CVar [[r.ViewDistanceScale:10.0]]
[2021.05.07-20.32.53:193][  0]LogConfig: Applying CVar settings from Section [AntiAliasingQuality@Cine] File [C:/xampp/htdocs/GitHub/fpsGame/multiplayerFps/Saved/Config/Windows/Scalability.ini]
[2021.05.07-20.32.53:193][  0]LogConfig: Setting CVar [[r.PostProcessAAQuality:6]]
[2021.05.07-20.32.53:193][  0]LogConfig: Applying CVar settings from Section [ShadowQuality@Cine] File [C:/xampp/htdocs/GitHub/fpsGame/multiplayerFps/Saved/Config/Windows/Scalability.ini]
[2021.05.07-20.32.53:193][  0]LogConfig: Setting CVar [[r.LightFunctionQuality:1]]
[2021.05.07-20.32.53:193][  0]LogConfig: Setting CVar [[r.ShadowQuality:5]]
[2021.05.07-20.32.53:193][  0]LogConfig: Setting CVar [[r.Shadow.CSM.MaxCascades:10]]
[2021.05.07-20.32.53:193][  0]LogConfig: Setting CVar [[r.Shadow.MaxResolution:4096]]
[2021.05.07-20.32.53:193][  0]LogConfig: Setting CVar [[r.Shadow.MaxCSMResolution:4096]]
[2021.05.07-20.32.53:193][  0]LogConfig: Setting CVar [[r.Shadow.RadiusThreshold:0]]
[2021.05.07-20.32.53:193][  0]LogConfig: Setting CVar [[r.Shadow.DistanceScale:1.0]]
[2021.05.07-20.32.53:193][  0]LogConfig: Setting CVar [[r.Shadow.CSM.TransitionScale:1.0]]
[2021.05.07-20.32.53:193][  0]LogConfig: Setting CVar [[r.Shadow.PreShadowResolutionFactor:1.0]]
[2021.05.07-20.32.53:193][  0]LogConfig: Setting CVar [[r.DistanceFieldShadowing:1]]
[2021.05.07-20.32.53:193][  0]LogConfig: Setting CVar [[r.DistanceFieldAO:1]]
[2021.05.07-20.32.53:193][  0]LogConfig: Setting CVar [[r.AOQuality:2]]
[2021.05.07-20.32.53:193][  0]LogConfig: Setting CVar [[r.VolumetricFog:1]]
[2021.05.07-20.32.53:193][  0]LogConfig: Setting CVar [[r.VolumetricFog.GridPixelSize:4]]
[2021.05.07-20.32.53:193][  0]LogConfig: Setting CVar [[r.VolumetricFog.GridSizeZ:128]]
[2021.05.07-20.32.53:193][  0]LogConfig: Setting CVar [[r.VolumetricFog.HistoryMissSupersampleCount:16]]
[2021.05.07-20.32.53:193][  0]LogConfig: Setting CVar [[r.LightMaxDrawDistanceScale:1]]
[2021.05.07-20.32.53:193][  0]LogConfig: Setting CVar [[r.CapsuleShadows:1]]
[2021.05.07-20.32.53:193][  0]LogConfig: Applying CVar settings from Section [PostProcessQuality@Cine] File [C:/xampp/htdocs/GitHub/fpsGame/multiplayerFps/Saved/Config/Windows/Scalability.ini]
[2021.05.07-20.32.53:193][  0]LogConfig: Setting CVar [[r.MotionBlurQuality:4]]
[2021.05.07-20.32.53:193][  0]LogConfig: Setting CVar [[r.AmbientOcclusionMipLevelFactor:0.4]]
[2021.05.07-20.32.53:193][  0]LogConfig: Setting CVar [[r.AmbientOcclusionMaxQuality:100]]
[2021.05.07-20.32.53:193][  0]LogConfig: Setting CVar [[r.AmbientOcclusionLevels:-1]]
[2021.05.07-20.32.53:193][  0]LogConfig: Setting CVar [[r.AmbientOcclusionRadiusScale:1.0]]
[2021.05.07-20.32.53:193][  0]LogConfig: Setting CVar [[r.DepthOfFieldQuality:4]]
[2021.05.07-20.32.53:193][  0]LogConfig: Setting CVar [[r.RenderTargetPoolMin:1000]]
[2021.05.07-20.32.53:193][  0]LogConfig: Setting CVar [[r.LensFlareQuality:3]]
[2021.05.07-20.32.53:193][  0]LogConfig: Setting CVar [[r.SceneColorFringeQuality:1]]
[2021.05.07-20.32.53:193][  0]LogConfig: Setting CVar [[r.EyeAdaptationQuality:2]]
[2021.05.07-20.32.53:193][  0]LogConfig: Setting CVar [[r.BloomQuality:5]]
[2021.05.07-20.32.53:193][  0]LogConfig: Setting CVar [[r.FastBlurThreshold:100]]
[2021.05.07-20.32.53:193][  0]LogConfig: Setting CVar [[r.Upscale.Quality:3]]
[2021.05.07-20.32.53:193][  0]LogConfig: Setting CVar [[r.Tonemapper.GrainQuantization:1]]
[2021.05.07-20.32.53:193][  0]LogConfig: Setting CVar [[r.LightShaftQuality:1]]
[2021.05.07-20.32.53:193][  0]LogConfig: Setting CVar [[r.Filter.SizeScale:1]]
[2021.05.07-20.32.53:193][  0]LogConfig: Setting CVar [[r.Tonemapper.Quality:5]]
[2021.05.07-20.32.53:193][  0]LogConfig: Setting CVar [[r.DOF.Gather.AccumulatorQuality:1        ; higher gathering accumulator quality]]
[2021.05.07-20.32.53:193][  0]LogConfig: Setting CVar [[r.DOF.Gather.PostfilterMethod:1          ; Median3x3 postfilering method]]
[2021.05.07-20.32.53:193][  0]LogConfig: Setting CVar [[r.DOF.Gather.EnableBokehSettings:1       ; bokeh simulation when gathering]]
[2021.05.07-20.32.53:193][  0]LogConfig: Setting CVar [[r.DOF.Gather.RingCount:5                 ; high number of samples when gathering]]
[2021.05.07-20.32.53:193][  0]LogConfig: Setting CVar [[r.DOF.Scatter.ForegroundCompositing:1    ; additive foreground scattering]]
[2021.05.07-20.32.53:194][  0]LogConfig: Setting CVar [[r.DOF.Scatter.BackgroundCompositing:2    ; background scattering occlusion]]
[2021.05.07-20.32.53:194][  0]LogConfig: Setting CVar [[r.DOF.Scatter.EnableBokehSettings:1      ; no bokeh simulation when scattering]]
[2021.05.07-20.32.53:194][  0]LogConfig: Setting CVar [[r.DOF.Scatter.MaxSpriteRatio:0.25        ; only a maximum of 10% of scattered bokeh]]
[2021.05.07-20.32.53:194][  0]LogConfig: Setting CVar [[r.DOF.Recombine.Quality:2                ; highest slight out of focus]]
[2021.05.07-20.32.53:194][  0]LogConfig: Setting CVar [[r.DOF.Recombine.EnableBokehSettings:1    ; bokeh simulation on slight out of focus]]
[2021.05.07-20.32.53:194][  0]LogConfig: Setting CVar [[r.DOF.TemporalAAQuality:1                ; more stable temporal accumulation]]
[2021.05.07-20.32.53:194][  0]LogConfig: Setting CVar [[r.DOF.Kernel.MaxForegroundRadius:0.025]]
[2021.05.07-20.32.53:194][  0]LogConfig: Setting CVar [[r.DOF.Kernel.MaxBackgroundRadius:0.025]]
[2021.05.07-20.32.53:194][  0]LogConfig: Applying CVar settings from Section [TextureQuality@Cine] File [C:/xampp/htdocs/GitHub/fpsGame/multiplayerFps/Saved/Config/Windows/Scalability.ini]
[2021.05.07-20.32.53:194][  0]LogConfig: Setting CVar [[r.Streaming.MipBias:0]]
[2021.05.07-20.32.53:194][  0]LogConfig: Setting CVar [[r.Streaming.AmortizeCPUToGPUCopy:0]]
[2021.05.07-20.32.53:194][  0]LogConfig: Setting CVar [[r.Streaming.MaxNumTexturesToStreamPerFrame:0]]
[2021.05.07-20.32.53:194][  0]LogConfig: Setting CVar [[r.Streaming.Boost:1]]
[2021.05.07-20.32.53:194][  0]LogConfig: Setting CVar [[r.MaxAnisotropy:8]]
[2021.05.07-20.32.53:194][  0]LogConfig: Setting CVar [[r.Streaming.LimitPoolSizeToVRAM:0]]
[2021.05.07-20.32.53:194][  0]LogConfig: Setting CVar [[r.Streaming.PoolSize:3000]]
[2021.05.07-20.32.53:194][  0]LogConfig: Setting CVar [[r.Streaming.MaxEffectiveScreenSize:0]]
[2021.05.07-20.32.53:194][  0]LogConfig: Applying CVar settings from Section [EffectsQuality@Cine] File [C:/xampp/htdocs/GitHub/fpsGame/multiplayerFps/Saved/Config/Windows/Scalability.ini]
[2021.05.07-20.32.53:194][  0]LogConfig: Setting CVar [[r.TranslucencyLightingVolumeDim:64]]
[2021.05.07-20.32.53:194][  0]LogConfig: Setting CVar [[r.RefractionQuality:2]]
[2021.05.07-20.32.53:194][  0]LogConfig: Setting CVar [[r.SSR.Quality:4]]
[2021.05.07-20.32.53:194][  0]LogConfig: Setting CVar [[r.SceneColorFormat:4]]
[2021.05.07-20.32.53:194][  0]LogConfig: Setting CVar [[r.DetailMode:2]]
[2021.05.07-20.32.53:194][  0]LogConfig: Setting CVar [[r.TranslucencyVolumeBlur:1]]
[2021.05.07-20.32.53:194][  0]LogConfig: Setting CVar [[r.MaterialQualityLevel:1 ; High quality]]
[2021.05.07-20.32.53:194][  0]LogConfig: Setting CVar [[r.SSS.Scale:1]]
[2021.05.07-20.32.53:194][  0]LogConfig: Setting CVar [[r.SSS.SampleSet:2]]
[2021.05.07-20.32.53:194][  0]LogConfig: Setting CVar [[r.SSS.Quality:1]]
[2021.05.07-20.32.53:194][  0]LogConfig: Setting CVar [[r.SSS.HalfRes:0]]
[2021.05.07-20.32.53:194][  0]LogConfig: Setting CVar [[r.EmitterSpawnRateScale:1.0]]
[2021.05.07-20.32.53:194][  0]LogConfig: Setting CVar [[r.ParticleLightQuality:2]]
[2021.05.07-20.32.53:194][  0]LogConfig: Applying CVar settings from Section [FoliageQuality@Cine] File [C:/xampp/htdocs/GitHub/fpsGame/multiplayerFps/Saved/Config/Windows/Scalability.ini]
[2021.05.07-20.32.53:194][  0]LogConfig: Setting CVar [[foliage.DensityScale:1.0]]
[2021.05.07-20.32.53:194][  0]LogConfig: Setting CVar [[grass.DensityScale:1.0]]
[2021.05.07-20.32.53:194][  0]LogConfig: Applying CVar settings from Section [Startup] File [../../../Engine/Config/ConsoleVariables.ini]
[2021.05.07-20.32.53:194][  0]LogConfig: Setting CVar [[net.UseAdaptiveNetUpdateFrequency:0]]
[2021.05.07-20.32.53:194][  0]LogConfig: Setting CVar [[p.chaos.AllowCreatePhysxBodies:1]]
[2021.05.07-20.32.53:194][  0]LogConfig: Setting CVar [[fx.SkipVectorVMBackendOptimizations:1]]
[2021.05.07-20.32.53:194][  0]LogConfig: Applying CVar settings from Section [ConsoleVariables] File [C:/xampp/htdocs/GitHub/fpsGame/multiplayerFps/Saved/Config/Windows/Engine.ini]
[2021.05.07-20.32.53:194][  0]LogInit: Computer: MUSTAFA
[2021.05.07-20.32.53:194][  0]LogInit: User: MustafaBolat
[2021.05.07-20.32.53:194][  0]LogInit: CPU Page size=4096, Cores=4
[2021.05.07-20.32.53:194][  0]LogInit: High frequency timer resolution =10.000000 MHz
[2021.05.07-20.32.53:194][  0]LogMemory: Memory total: Physical=16.0GB (16GB approx)
[2021.05.07-20.32.53:195][  0]LogMemory: Platform Memory Stats for Windows
[2021.05.07-20.32.53:195][  0]LogMemory: Process Physical Memory: 105.59 MB used, 105.59 MB peak
[2021.05.07-20.32.53:195][  0]LogMemory: Process Virtual Memory: 91.86 MB used, 91.86 MB peak
[2021.05.07-20.32.53:195][  0]LogMemory: Physical Memory: 8025.96 MB used,  8318.98 MB free, 16344.95 MB total
[2021.05.07-20.32.53:195][  0]LogMemory: Virtual Memory: 4668.66 MB used,  134213056.00 MB free, 134217728.00 MB total
[2021.05.07-20.32.53:198][  0]LogWindows: WindowsPlatformFeatures enabled
[2021.05.07-20.32.53:239][  0]LogInit: Using OS detected language (en-US).
[2021.05.07-20.32.53:239][  0]LogInit: Using OS detected locale (en-NL).
[2021.05.07-20.32.53:239][  0]LogTextLocalizationManager: No specific localization for 'en-US' exists, so the 'en' localization will be used.
[2021.05.07-20.32.53:419][  0]LogInit: Setting process to per monitor DPI aware
[2021.05.07-20.32.53:451][  0]LogSlate: New Slate User Created.  User Index 0, Is Virtual User: 0
[2021.05.07-20.32.53:451][  0]LogSlate: Slate User Registered.  User Index 0, Is Virtual User: 0
[2021.05.07-20.32.53:664][  0]LogHMD: Failed to initialize OpenVR with code 108
[2021.05.07-20.32.53:664][  0]LogD3D11RHI: D3D11 adapters:
[2021.05.07-20.32.53:772][  0]LogD3D11RHI:    0. 'NVIDIA GeForce GTX 1060 3GB' (Feature Level 11_0)
[2021.05.07-20.32.53:772][  0]LogD3D11RHI:       2988/0/8172 MB DedicatedVideo/DedicatedSystem/SharedSystem, Outputs:2, VendorId:0x10de
[2021.05.07-20.32.53:774][  0]LogD3D11RHI:    1. 'Microsoft Basic Render Driver' (Feature Level 11_0)
[2021.05.07-20.32.53:774][  0]LogD3D11RHI:       0/0/8172 MB DedicatedVideo/DedicatedSystem/SharedSystem, Outputs:0, VendorId:0x1414
[2021.05.07-20.32.53:774][  0]LogD3D11RHI: Chosen D3D11 Adapter: 0
[2021.05.07-20.32.53:780][  0]LogD3D11RHI: Creating new Direct3DDevice
[2021.05.07-20.32.53:780][  0]LogD3D11RHI:     GPU DeviceId: 0x1c02 (for the marketing name, search the web for "GPU Device Id")
[2021.05.07-20.32.53:780][  0]LogWindows: EnumDisplayDevices:
[2021.05.07-20.32.53:781][  0]LogWindows:    0. 'NVIDIA GeForce GTX 1060 3GB' (P:1 D:1)
[2021.05.07-20.32.53:781][  0]LogWindows:    1. 'NVIDIA GeForce GTX 1060 3GB' (P:0 D:1)
[2021.05.07-20.32.53:781][  0]LogWindows:    2. 'NVIDIA GeForce GTX 1060 3GB' (P:0 D:0)
[2021.05.07-20.32.53:781][  0]LogWindows:    3. 'NVIDIA GeForce GTX 1060 3GB' (P:0 D:0)
[2021.05.07-20.32.53:782][  0]LogWindows: DebugString: FoundDriverCount:4 
[2021.05.07-20.32.53:782][  0]LogD3D11RHI:     Adapter Name: NVIDIA GeForce GTX 1060 3GB
[2021.05.07-20.32.53:782][  0]LogD3D11RHI:   Driver Version: 460.89 (internal:27.21.14.6089, unified:460.89)
[2021.05.07-20.32.53:782][  0]LogD3D11RHI:      Driver Date: 12-11-2020
[2021.05.07-20.32.53:782][  0]LogRHI: Texture pool is 2091 MB (70% of 2988 MB)
[2021.05.07-20.32.53:875][  0]LogD3D11RHI: Async texture creation enabled
[2021.05.07-20.32.53:906][  0]LogD3D11RHI: GPU Timing Frequency: 1000.000000 (Debug: 2 1)
[2021.05.07-20.32.54:228][  0]LogTemp: Display: Module 'AllDesktopTargetPlatform' loaded TargetPlatform 'AllDesktop'
[2021.05.07-20.32.54:237][  0]LogTemp: Display: Module 'MacClientTargetPlatform' loaded TargetPlatform 'MacClient'
[2021.05.07-20.32.54:246][  0]LogTemp: Display: Module 'MacNoEditorTargetPlatform' loaded TargetPlatform 'MacNoEditor'
[2021.05.07-20.32.54:255][  0]LogTemp: Display: Module 'MacServerTargetPlatform' loaded TargetPlatform 'MacServer'
[2021.05.07-20.32.54:264][  0]LogTemp: Display: Module 'MacTargetPlatform' loaded TargetPlatform 'Mac'
[2021.05.07-20.32.54:273][  0]LogTemp: Display: Module 'WindowsClientTargetPlatform' loaded TargetPlatform 'WindowsClient'
[2021.05.07-20.32.54:282][  0]LogTemp: Display: Module 'WindowsNoEditorTargetPlatform' loaded TargetPlatform 'WindowsNoEditor'
[2021.05.07-20.32.54:291][  0]LogTemp: Display: Module 'WindowsServerTargetPlatform' loaded TargetPlatform 'WindowsServer'
[2021.05.07-20.32.54:294][  0]LogTemp: Display: Module 'WindowsTargetPlatform' loaded TargetPlatform 'Windows'
[2021.05.07-20.32.54:331][  0]LogTemp: Display: Module 'AndroidTargetPlatform' loaded TargetPlatform 'Android'
[2021.05.07-20.32.54:331][  0]LogTemp: Display: Module 'AndroidTargetPlatform' loaded TargetPlatform 'Android_ASTC'
[2021.05.07-20.32.54:331][  0]LogTemp: Display: Module 'AndroidTargetPlatform' loaded TargetPlatform 'Android_ATC'
[2021.05.07-20.32.54:331][  0]LogTemp: Display: Module 'AndroidTargetPlatform' loaded TargetPlatform 'Android_DXT'
[2021.05.07-20.32.54:331][  0]LogTemp: Display: Module 'AndroidTargetPlatform' loaded TargetPlatform 'Android_ETC1'
[2021.05.07-20.32.54:331][  0]LogTemp: Display: Module 'AndroidTargetPlatform' loaded TargetPlatform 'Android_ETC1a'
[2021.05.07-20.32.54:331][  0]LogTemp: Display: Module 'AndroidTargetPlatform' loaded TargetPlatform 'Android_ETC2'
[2021.05.07-20.32.54:331][  0]LogTemp: Display: Module 'AndroidTargetPlatform' loaded TargetPlatform 'Android_PVRTC'
[2021.05.07-20.32.54:331][  0]LogTemp: Display: Module 'AndroidTargetPlatform' loaded TargetPlatform 'AndroidClient'
[2021.05.07-20.32.54:331][  0]LogTemp: Display: Module 'AndroidTargetPlatform' loaded TargetPlatform 'Android_ASTCClient'
[2021.05.07-20.32.54:331][  0]LogTemp: Display: Module 'AndroidTargetPlatform' loaded TargetPlatform 'Android_ATCClient'
[2021.05.07-20.32.54:331][  0]LogTemp: Display: Module 'AndroidTargetPlatform' loaded TargetPlatform 'Android_DXTClient'
[2021.05.07-20.32.54:331][  0]LogTemp: Display: Module 'AndroidTargetPlatform' loaded TargetPlatform 'Android_ETC1Client'
[2021.05.07-20.32.54:331][  0]LogTemp: Display: Module 'AndroidTargetPlatform' loaded TargetPlatform 'Android_ETC1aClient'
[2021.05.07-20.32.54:331][  0]LogTemp: Display: Module 'AndroidTargetPlatform' loaded TargetPlatform 'Android_ETC2Client'
[2021.05.07-20.32.54:331][  0]LogTemp: Display: Module 'AndroidTargetPlatform' loaded TargetPlatform 'Android_PVRTCClient'
[2021.05.07-20.32.54:331][  0]LogTemp: Display: Module 'AndroidTargetPlatform' loaded TargetPlatform 'Android_Multi'
[2021.05.07-20.32.54:331][  0]LogTemp: Display: Module 'AndroidTargetPlatform' loaded TargetPlatform 'Android_MultiClient'
[2021.05.07-20.32.54:333][  0]LogTemp: Display: Module 'HTML5TargetPlatform' loaded TargetPlatform 'HTML5'
[2021.05.07-20.32.54:352][  0]LogTemp: Display: Module 'IOSTargetPlatform' loaded TargetPlatform 'IOSClient'
[2021.05.07-20.32.54:352][  0]LogTemp: Display: Module 'IOSTargetPlatform' loaded TargetPlatform 'IOS'
[2021.05.07-20.32.54:370][  0]LogTemp: Display: Module 'TVOSTargetPlatform' loaded TargetPlatform 'TVOSClient'
[2021.05.07-20.32.54:370][  0]LogTemp: Display: Module 'TVOSTargetPlatform' loaded TargetPlatform 'TVOS'
[2021.05.07-20.32.54:378][  0]LogTemp: Display: Module 'LinuxClientTargetPlatform' loaded TargetPlatform 'LinuxClient'
[2021.05.07-20.32.54:387][  0]LogTemp: Display: Module 'LinuxNoEditorTargetPlatform' loaded TargetPlatform 'LinuxNoEditor'
[2021.05.07-20.32.54:395][  0]LogTemp: Display: Module 'LinuxServerTargetPlatform' loaded TargetPlatform 'LinuxServer'
[2021.05.07-20.32.54:404][  0]LogTemp: Display: Module 'LinuxTargetPlatform' loaded TargetPlatform 'Linux'
[2021.05.07-20.32.54:432][  0]LogTemp: Display: Module 'LuminTargetPlatform' loaded TargetPlatform 'Lumin'
[2021.05.07-20.32.54:432][  0]LogTemp: Display: Module 'LuminTargetPlatform' loaded TargetPlatform 'LuminClient'
[2021.05.07-20.32.54:432][  0]LogTargetPlatformManager: Display: Building Assets For Windows
[2021.05.07-20.32.54:439][  0]LogAudioDebug: Display: Lib vorbis DLL was dynamically loaded.
[2021.05.07-20.32.54:484][  0]LogShaderCompilers: Guid format shader working directory is 9 characters bigger than the processId version (C:/xampp/htdocs/GitHub/fpsGame/multiplayerFps/Intermediate/Shaders/WorkingDirectory/7284/).
[2021.05.07-20.32.54:484][  0]LogShaderCompilers: Cleaned the shader compiler working directory 'C:/Users/Mustafa Bolat/AppData/Local/Temp/UnrealShaderWorkingDir/7040FD0D4377F17A711BC1ABCCEB1347/'.
[2021.05.07-20.32.54:486][  0]LogXGEController: Cannot use XGE Controller as Incredibuild is not installed on this machine.
[2021.05.07-20.32.54:486][  0]LogShaderCompilers: Cannot use XGE Shader Compiler as Incredibuild is not installed on this machine.
[2021.05.07-20.32.54:486][  0]LogShaderCompilers: Display: Using Local Shader Compiler.
[2021.05.07-20.32.55:347][  0]LogDerivedDataCache: Display: Max Cache Size: 512 MB
[2021.05.07-20.32.55:406][  0]LogDerivedDataCache: Loaded boot cache 0.06s 87MB C:/Users/Mustafa Bolat/AppData/Local/UnrealEngine/4.23/DerivedDataCache/Boot.ddc.
[2021.05.07-20.32.55:406][  0]LogDerivedDataCache: Display: Loaded Boot cache: C:/Users/Mustafa Bolat/AppData/Local/UnrealEngine/4.23/DerivedDataCache/Boot.ddc
[2021.05.07-20.32.55:406][  0]LogDerivedDataCache: FDerivedDataBackendGraph:  Pak pak cache file C:/xampp/htdocs/GitHub/fpsGame/multiplayerFps/DerivedDataCache/DDC.ddp not found, will not use a pak cache.
[2021.05.07-20.32.55:406][  0]LogDerivedDataCache: Unable to find inner node Pak for hierarchical cache Hierarchy.
[2021.05.07-20.32.55:407][  0]LogDerivedDataCache: FDerivedDataBackendGraph:  CompressedPak pak cache file C:/xampp/htdocs/GitHub/fpsGame/multiplayerFps/DerivedDataCache/Compressed.ddp not found, will not use a pak cache.
[2021.05.07-20.32.55:407][  0]LogDerivedDataCache: Unable to find inner node CompressedPak for hierarchical cache Hierarchy.
[2021.05.07-20.32.55:419][  0]LogDerivedDataCache: Display: Pak cache opened for reading ../../../Engine/DerivedDataCache/Compressed.ddp.
[2021.05.07-20.32.55:419][  0]LogDerivedDataCache: FDerivedDataBackendGraph:  EnterprisePak pak cache file ../../../Enterprise/DerivedDataCache/Compressed.ddp not found, will not use a pak cache.
[2021.05.07-20.32.55:419][  0]LogDerivedDataCache: Unable to find inner node EnterprisePak for hierarchical cache Hierarchy.
[2021.05.07-20.32.55:420][  0]LogDerivedDataCache: Using Local data cache path C:/Users/Mustafa Bolat/AppData/Local/UnrealEngine/Common/DerivedDataCache: Writable
[2021.05.07-20.32.55:420][  0]LogDerivedDataCache: Shared data cache path not found in *engine.ini, will not use an Shared cache.
[2021.05.07-20.32.55:420][  0]LogDerivedDataCache: Unable to find inner node Shared for hierarchical cache Hierarchy.
[2021.05.07-20.32.55:446][  0]LogMaterial: Verifying Global Shaders for PCD3D_SM5
[2021.05.07-20.32.55:449][  0]LogSlate: Using FreeType 2.6.0
[2021.05.07-20.32.55:449][  0]LogSlate: SlateFontServices - WITH_FREETYPE: 1, WITH_HARFBUZZ: 1
[2021.05.07-20.32.55:509][  0]LogAssetRegistry: FAssetRegistry took 0.0028 seconds to start up
[2021.05.07-20.32.55:808][  0]LogInit: Selected Device Profile: [Windows]
[2021.05.07-20.32.55:969][  0]LogMeshReduction: Using QuadricMeshReduction for automatic static mesh reduction
[2021.05.07-20.32.55:969][  0]LogMeshReduction: Using SimplygonMeshReduction for automatic skeletal mesh reduction
[2021.05.07-20.32.55:969][  0]LogMeshReduction: Using ProxyLODMeshReduction for automatic mesh merging
[2021.05.07-20.32.55:969][  0]LogMeshReduction: No distributed automatic mesh merging module available
[2021.05.07-20.32.55:969][  0]LogMeshMerging: No distributed automatic mesh merging module available
[2021.05.07-20.32.55:979][  0]LogNetVersion: multiplayerFps 1.0.0, NetCL: 8386587, EngineNetVer: 11, GameNetVer: 0 (Checksum: 1238615541)
[2021.05.07-20.32.56:456][  0]LogPackageLocalizationCache: Processed 15 localized package path(s) for 1 prioritized culture(s) in 0.060859 seconds
[2021.05.07-20.32.56:465][  0]LogUObjectArray: 43470 objects as part of root set at end of initial load.
[2021.05.07-20.32.56:465][  0]LogUObjectAllocator: 7553640 out of 0 bytes used by permanent object pool.
[2021.05.07-20.32.56:465][  0]LogUObjectArray: CloseDisregardForGC: 0/0 objects in disregard for GC pool
[2021.05.07-20.32.58:424][  0]LogTcpMessaging: Initializing TcpMessaging bridge
[2021.05.07-20.32.58:427][  0]LogUdpMessaging: Initializing bridge on interface 0.0.0.0:0 to multicast group 230.0.0.1:6666.
[2021.05.07-20.32.58:489][  0]SourceControl: Source control is disabled
[2021.05.07-20.32.58:489][  0]SourceControl: Source control is disabled
[2021.05.07-20.32.58:490][  0]SourceControl: Source control is disabled
[2021.05.07-20.32.58:492][  0]SourceControl: Source control is disabled
[2021.05.07-20.32.59:111][  0]LogAndroidPermission: UAndroidPermissionCallbackProxy::GetInstance
[2021.05.07-20.32.59:284][  0]LogOcInput: OculusInput pre-init called
[2021.05.07-20.32.59:977][  0]LogEngine: Initializing Engine...
[2021.05.07-20.33.00:038][  0]LogHMD: Failed to initialize OpenVR with code 108
[2021.05.07-20.33.00:040][  0]LogStats: UGameplayTagsManager::InitializeManager -  0.000 s
[2021.05.07-20.33.00:297][  0]LogInit: Initializing FReadOnlyCVARCache
[2021.05.07-20.33.00:324][  0]LogAIModule: Creating AISystem for world Untitled
[2021.05.07-20.33.00:361][  0]LogInit: XAudio2 using 'Speakers (2- Logitech G935/G933s Gaming Headset)' : 6 channels at 48 kHz using 16 bits per sample (channel mask 0x3f)
[2021.05.07-20.33.00:394][  0]LogInit: FAudioDevice initialized.
[2021.05.07-20.33.00:394][  0]LogNetVersion: Set ProjectVersion to 1.0.0.0. Version Checksum will be recalculated on next use.
[2021.05.07-20.33.00:470][  0]LogDerivedDataCache: Saved boot cache 0.08s 87MB C:/Users/Mustafa Bolat/AppData/Local/UnrealEngine/4.23/DerivedDataCache/Boot.ddc.
[2021.05.07-20.33.00:473][  0]LogInit: Texture streaming: Enabled
[2021.05.07-20.33.00:487][  0]LogEngineSessionManager: EngineSessionManager initialized
[2021.05.07-20.33.00:487][  0]LogEditorSessionSummary: Verbose: Initializing EditorSessionSummaryWriter for editor session tracking
[2021.05.07-20.33.00:490][  0]LogEditorSessionSummary: EditorSessionSummaryWriter initialized
[2021.05.07-20.33.00:539][  0]LogInit: Transaction tracking system initialized
[2021.05.07-20.33.00:564][  0]BlueprintLog: New page: Editor Load
[2021.05.07-20.33.00:622][  0]LocalizationService: Localization service is disabled
[2021.05.07-20.33.00:905][  0]LogFileCache: Scanning file cache for directory 'C:/xampp/htdocs/GitHub/fpsGame/multiplayerFps/Content/' took 0.00s
[2021.05.07-20.33.00:905][  0]LogCook: Display: Max memory allowance for cook 16384mb min free memory 0mb
[2021.05.07-20.33.00:905][  0]LogCook: Display: Mobile HDR setting 1
[2021.05.07-20.33.01:054][  0]LogLinker: Warning: While loading '../../../Engine/Content/BasicShapes/Cube.uasset' failed to load '/Game/gamePlay/assets/models/phone/CornerButton': Can't find file.
[2021.05.07-20.33.01:054][  0]LogLinker: Warning: While loading '../../../Engine/Content/BasicShapes/Cube.uasset' failed to load '/Game/gamePlay/assets/models/phone/CornerButton': Can't find file.
[2021.05.07-20.33.01:055][  0]LogLinker: Warning: While loading '../../../Engine/Content/BasicShapes/Cube.uasset' failed to load '/Game/gamePlay/assets/models/phone/CornerButton': Can't find file.
[2021.05.07-20.33.01:055][  0]LogLinker: Warning: While loading '../../../Engine/Content/BasicShapes/Cube.uasset' failed to load '/Game/gamePlay/assets/models/phone/CornerButton': Can't find file.
[2021.05.07-20.33.01:055][  0]LogLinker: Warning: While loading '../../../Engine/Content/BasicShapes/Cube.uasset' failed to load '/Game/gamePlay/assets/models/phone/CornerButton': Can't find file.
[2021.05.07-20.33.01:055][  0]LoadErrors: Failed to load /Game/gamePlay/assets/models/phone/CornerButton.CornerButton Referenced by Cube
[2021.05.07-20.33.01:056][  0]LogLinker: Warning: While loading '../../../Engine/Content/BasicShapes/Cube.uasset' failed to load '/Game/gamePlay/assets/models/phone/CornerButton': Can't find file.
[2021.05.07-20.33.01:056][  0]LoadErrors: Failed to load /Game/gamePlay/assets/models/phone/CornerButton.CornerButton Referenced by Cube
[2021.05.07-20.33.01:056][  0]LogLinker: Warning: While loading '../../../Engine/Content/BasicShapes/Cube.uasset' failed to load '/Game/gamePlay/assets/models/phone/CornerButton': Can't find file.
[2021.05.07-20.33.01:056][  0]LoadErrors: Failed to load /Game/gamePlay/assets/models/phone/CornerButton.CornerButton Referenced by Cube
[2021.05.07-20.33.01:056][  0]LogLinker: Warning: While loading '../../../Engine/Content/BasicShapes/Cube.uasset' failed to load '/Game/gamePlay/assets/models/phone/CornerButton': Can't find file.
[2021.05.07-20.33.01:056][  0]LoadErrors: Failed to load /Game/gamePlay/assets/models/phone/CornerButton.CornerButton Referenced by Cube
[2021.05.07-20.33.01:154][  0]SourceControl: Source control is disabled
[2021.05.07-20.33.01:155][  0]Cmd: MAP LOAD FILE="C:/xampp/htdocs/GitHub/fpsGame/multiplayerFps/Content/mainMap.umap" TEMPLATE=0 SHOWPROGRESS=1 FEATURELEVEL=3
[2021.05.07-20.33.01:155][  0]LightingResults: New page: Lighting Build
[2021.05.07-20.33.01:157][  0]LogWorld: UWorld::CleanupWorld for Untitled, bSessionEnded=true, bCleanupResources=true
[2021.05.07-20.33.01:157][  0]MapCheck: New page: Map Check
[2021.05.07-20.33.01:157][  0]LightingResults: New page: Lighting Build
[2021.05.07-20.33.01:296][  0]LogUObjectHash: Compacting FUObjectHashTables data took   1.72ms
[2021.05.07-20.33.03:851][  0]LogNiagaraEditor: Verbose: '/Game/particle/particle' Precompile took 0.078100 sec.
[2021.05.07-20.33.03:852][  0]LogNiagara: Script 'NiagaraScript /Game/particle/particle.particle:DirectionalBurst_4.SpawnScript_0' is in-sync skipping compile..
[2021.05.07-20.33.03:852][  0]LogNiagara: Script 'NiagaraScript /Game/particle/particle.particle:DirectionalBurst_4.UpdateScript_1' is in-sync skipping compile..
[2021.05.07-20.33.03:852][  0]LogNiagara: Script 'NiagaraScript /Game/particle/particle.particle:DirectionalBurst_4.EmitterSpawnScript_2' is in-sync skipping compile..
[2021.05.07-20.33.03:852][  0]LogNiagara: Script 'NiagaraScript /Game/particle/particle.particle:DirectionalBurst_4.EmitterUpdateScript_3' is in-sync skipping compile..
[2021.05.07-20.33.03:852][  0]LogNiagara: Script 'NiagaraScript /Game/particle/particle.particle:DirectionalBurst_4.EventScript_0' is in-sync skipping compile..
[2021.05.07-20.33.03:852][  0]LogNiagara: Script 'NiagaraScript /Game/particle/particle.particle:LocationBasedRibbon_6.SpawnScript' is in-sync skipping compile..
[2021.05.07-20.33.03:852][  0]LogNiagara: Script 'NiagaraScript /Game/particle/particle.particle:LocationBasedRibbon_6.UpdateScript' is in-sync skipping compile..
[2021.05.07-20.33.03:852][  0]LogNiagara: Script 'NiagaraScript /Game/particle/particle.particle:LocationBasedRibbon_6.EmitterSpawnScript' is in-sync skipping compile..
[2021.05.07-20.33.03:852][  0]LogNiagara: Script 'NiagaraScript /Game/particle/particle.particle:LocationBasedRibbon_6.EmitterUpdateScript' is in-sync skipping compile..
[2021.05.07-20.33.03:852][  0]LogNiagara: Script 'NiagaraScript /Game/particle/particle.particle:LocationBasedRibbon_6.EventScript_0' is in-sync skipping compile..
[2021.05.07-20.33.03:853][  0]LogNiagara: Script 'NiagaraScript /Game/particle/particle.particle:SystemSpawnScript' is in-sync skipping compile..
[2021.05.07-20.33.03:853][  0]LogNiagara: Script 'NiagaraScript /Game/particle/particle.particle:SystemUpdateScript' is in-sync skipping compile..
[2021.05.07-20.33.04:402][  0]LogAIModule: Creating AISystem for world mainMap
[2021.05.07-20.33.04:480][  0]LogEditorServer: Finished looking for orphan Actors (0.000 secs)
[2021.05.07-20.33.04:568][  0]LogUObjectHash: Compacting FUObjectHashTables data took   2.77ms
[2021.05.07-20.33.04:568][  0]Cmd: MAP CHECKDEP NOCLEARLOG
[2021.05.07-20.33.04:568][  0]MapCheck: Map check complete: 0 Error(s), 0 Warning(s), took 0.207ms to complete.
[2021.05.07-20.33.04:568][  0]LogFileHelpers: Loading map 'mainMap' took 3.414
[2021.05.07-20.33.05:102][  0]LogSlate: Updating window title bar state: overlay mode, drag disabled, window buttons hidden, title bar hidden
[2021.05.07-20.33.05:109][  0]LogSlate: Updating window title bar state: overlay mode, drag disabled, window buttons hidden, title bar hidden
[2021.05.07-20.33.05:116][  0]LogSlate: Updating window title bar state: overlay mode, drag disabled, window buttons hidden, title bar hidden
[2021.05.07-20.33.05:124][  0]LogSlate: Updating window title bar state: overlay mode, drag disabled, window buttons hidden, title bar hidden
[2021.05.07-20.33.05:179][  0]LogCollectionManager: Loaded 0 collections in 0.001042 seconds
[2021.05.07-20.33.05:292][  0]LogFileCache: Scanning file cache for directory 'C:/xampp/htdocs/GitHub/fpsGame/multiplayerFps/Saved/Collections/' took 0.00s
[2021.05.07-20.33.05:292][  0]LogFileCache: Scanning file cache for directory 'C:/xampp/htdocs/GitHub/fpsGame/multiplayerFps/Content/Developers/MustafaBolat/Collections/' took 0.00s
[2021.05.07-20.33.05:292][  0]LogFileCache: Scanning file cache for directory 'C:/xampp/htdocs/GitHub/fpsGame/multiplayerFps/Content/Collections/' took 0.00s
[2021.05.07-20.33.05:292][  0]LogCollectionManager: Rebuilt the GUID cache for 0 collections in 0.000002 seconds
[2021.05.07-20.33.05:304][  0]LogContentBrowser: Native class hierarchy populated in 0.0091 seconds. Added 3002 classes and 704 folders.
[2021.05.07-20.33.05:362][  0]LogContentBrowser: Native class hierarchy updated for 'WidgetCarousel' in 0.0003 seconds. Added 0 classes and 0 folders.
[2021.05.07-20.33.06:244][  0]LogContentBrowser: Native class hierarchy updated for 'AddContentDialog' in 0.0002 seconds. Added 0 classes and 0 folders.
[2021.05.07-20.33.06:347][  0]LogContentBrowser: Native class hierarchy updated for 'SceneOutliner' in 0.0003 seconds. Added 1 classes and 2 folders.
[2021.05.07-20.33.07:231][  0]LogSlate: Took 0.000140 seconds to synchronously load lazily loaded font '../../../Engine/Content/Slate/Fonts/Roboto-Regular.ttf' (155K)
[2021.05.07-20.33.07:232][  0]LogSlate: Took 0.000109 seconds to synchronously load lazily loaded font '../../../Engine/Content/Slate/Fonts/Roboto-Bold.ttf' (160K)
[2021.05.07-20.33.07:309][  0]LogSlate: Took 0.022436 seconds to synchronously load lazily loaded font '../../../Engine/Content/Editor/Slate/Fonts/FontAwesome.ttf' (139K)
[2021.05.07-20.33.07:579][  0]LogRenderer: Reallocating scene render targets to support 1208x620 Format 10 NumSamples 1 (Frame:1).
[2021.05.07-20.33.07:853][  0]LogSlate: Took 0.016144 seconds to synchronously load lazily loaded font '../../../Engine/Content/Slate/Fonts/Roboto-Light.ttf' (167K)
[2021.05.07-20.33.07:982][  0]LogContentBrowser: Native class hierarchy updated for 'HierarchicalLODOutliner' in 0.0002 seconds. Added 0 classes and 0 folders.
[2021.05.07-20.33.07:982][  0]LogLoad: (Engine Initialization) Total time: 16.53 seconds
[2021.05.07-20.33.07:982][  0]LogLoad: (Engine Initialization) Total Blueprint compile time: 0.00 seconds
[2021.05.07-20.33.08:066][  0]LogContentStreaming: Texture pool size now 3000 MB
[2021.05.07-20.33.08:069][  0]LogSlate: FSceneViewport::OnFocusLost() reason 5
[2021.05.07-20.33.08:377][  2]LogAssetRegistry: Asset discovery search completed in 12.8681 seconds
[2021.05.07-20.33.08:381][  2]LogCollectionManager: Rebuilt the object cache for 0 collections in 0.000005 seconds (found 0 objects)
[2021.05.07-20.33.08:381][  2]LogCollectionManager: Fixed up redirectors for 0 collections in 0.000073 seconds (updated 0 objects)
[2021.05.07-20.33.09:692][136]LogSlate: Window 'Message Log' being destroyed
[2021.05.07-20.33.09:696][136]LogSlate: Window 'Message Log' being destroyed
[2021.05.07-20.34.07:990][ 98]LogEditorSessionSummary: EditorSessionSummary sent report. Type=Shutdown, SessionId={B325EB02-4D33-12E1-785E-0EBD9616D2EA}
[2021.05.07-20.36.59:047][509]LogSlate: FSceneViewport::OnFocusLost() reason 0
[2021.05.07-20.37.01:499][703]LogActorFactory: Actor Factory created hek
[2021.05.07-20.37.02:877][851]LogActorFactory: Actor Factory created hek
[2021.05.07-20.37.24:099][221]Cmd: TRANSACTION UNDO
[2021.05.07-20.37.24:099][221]LogEditorTransaction: Undo Scale Actors
[2021.05.07-20.37.24:398][221]LogSlate: Took 0.000152 seconds to synchronously load lazily loaded font '../../../Engine/Content/Slate/Fonts/Roboto-Light.ttf' (167K)
[2021.05.07-20.37.34:459][262]Cmd: DELETE
[2021.05.07-20.37.34:459][262]Cmd: ACTOR DELETE
[2021.05.07-20.37.34:608][262]LogEditorActor: Deleted Actor: Brush
[2021.05.07-20.37.34:633][262]LogUObjectHash: Compacting FUObjectHashTables data took   1.74ms
[2021.05.07-20.37.34:833][262]LogEditorActor: Deleted 1 Actors (0.292 secs)
[2021.05.07-20.37.38:108][626]LogEditorViewport: Clicking on Actor (LMB): StaticMeshActor (hek)
[2021.05.07-20.37.42:604][ 79]LogSlate: FSceneViewport::OnFocusLost() reason 5
[2021.05.07-20.37.42:766][ 90]LogSlate: FSceneViewport::OnFocusLost() reason 5
[2021.05.07-20.37.45:210][312]LogEditorViewport: Clicking on Actor (LMB): StaticMeshActor (hek)
[2021.05.07-20.38.20:455][973]LogSlate: FSceneViewport::OnFocusLost() reason 0
[2021.05.07-20.38.20:617][990]LogActorFactory: Actor Factory created hek
[2021.05.07-20.38.21:277][ 59]LogActorFactory: Actor Factory created hek
[2021.05.07-20.38.31:176][138]Cmd: TRANSACTION UNDO
[2021.05.07-20.38.31:176][138]LogEditorTransaction: Undo Move Actors
[2021.05.07-20.38.32:329][257]LogEditorViewport: Clicking on Actor (LMB): StaticMeshActor (hek10)
[2021.05.07-20.38.32:537][279]Cmd: DELETE
[2021.05.07-20.38.32:537][279]Cmd: ACTOR DELETE
[2021.05.07-20.38.32:558][279]LogEditorActor: Deleted Actor: StaticMeshActor
[2021.05.07-20.38.32:586][279]LogUObjectHash: Compacting FUObjectHashTables data took   2.11ms
[2021.05.07-20.38.32:587][279]LogEditorActor: Deleted 1 Actors (0.049 secs)
[2021.05.07-20.38.33:077][334]LogEditorViewport: Clicking on Actor (LMB): StaticMeshActor (hek9)
[2021.05.07-20.38.33:679][398]Cmd: EDIT COPY
[2021.05.07-20.38.34:728][520]Cmd: EDIT PASTE
[2021.05.07-20.38.50:287][284]Cmd: EDIT COPY
[2021.05.07-20.38.50:570][317]Cmd: EDIT PASTE
[2021.05.07-20.39.05:864][ 44]Cmd: DELETE
[2021.05.07-20.39.05:864][ 44]Cmd: ACTOR DELETE
[2021.05.07-20.39.05:892][ 44]LogEditorActor: Deleted Actor: Brush
[2021.05.07-20.39.05:924][ 44]LogUObjectHash: Compacting FUObjectHashTables data took   2.16ms
[2021.05.07-20.39.06:087][ 44]LogEditorActor: Deleted 1 Actors (0.224 secs)
[2021.05.07-20.39.10:927][605]LogEditorViewport: Clicking on Actor (LMB): StaticMeshActor (hek11)
[2021.05.07-20.39.13:661][882]LogSlate: Took 0.286123 seconds to synchronously load lazily loaded font '../../../Engine/Content/Slate/Fonts/Roboto-Italic.ttf' (157K)
[2021.05.07-20.39.53:405][842]Cmd: EDIT COPY
[2021.05.07-20.39.53:734][875]Cmd: EDIT PASTE
[2021.05.07-20.39.59:902][544]LogEditorViewport: Clicking on Actor (CTRL LMB): StaticMeshActor (hek11)
[2021.05.07-20.40.00:794][639]Cmd: DELETE
[2021.05.07-20.40.00:794][639]Cmd: ACTOR DELETE
[2021.05.07-20.40.00:818][639]LogEditorActor: Deleted Actor: StaticMeshActor
[2021.05.07-20.40.00:819][639]LogEditorActor: Deleted Actor: StaticMeshActor
[2021.05.07-20.40.00:850][639]LogUObjectHash: Compacting FUObjectHashTables data took   2.51ms
[2021.05.07-20.40.00:851][639]LogEditorActor: Deleted 2 Actors (0.056 secs)
[2021.05.07-20.40.07:470][398]LogEditorViewport: Clicking on Actor (LMB): StaticMeshActor (hek)
[2021.05.07-20.40.21:226][813]Cmd: EDIT COPY
[2021.05.07-20.40.21:946][885]Cmd: EDIT PASTE
[2021.05.07-20.41.28:931][188]LogEditorViewport: Clicking on Actor (LMB): BP_Sky_Sphere_C (Sky Sphere)
[2021.05.07-20.42.21:182][816]LogEditorViewport: Clicking on Actor (LMB): StaticMeshActor (hek20)
[2021.05.07-20.42.22:429][934]Cmd: EDIT COPY
[2021.05.07-20.42.22:802][971]Cmd: EDIT PASTE
[2021.05.07-20.42.31:811][908]Cmd: EDIT COPY
[2021.05.07-20.42.32:262][955]Cmd: EDIT PASTE
[2021.05.07-20.42.52:944][ 94]LogSlate: FSceneViewport::OnFocusLost() reason 5
[2021.05.07-20.42.53:879][197]LogUObjectHash: Compacting FUObjectHashTables data took   2.70ms
[2021.05.07-20.42.53:930][197]LogSlate: FSceneViewport::OnFocusLost() reason 5
[2021.05.07-20.42.53:948][197]Cmd: OBJ SAVEPACKAGE PACKAGE="/Game/mainMap" FILE="C:/xampp/htdocs/GitHub/fpsGame/multiplayerFps/Content/mainMap.umap" SILENT=true AUTOSAVING=false KEEPDIRTY=false
[2021.05.07-20.42.53:993][197]LogUObjectHash: Compacting FUObjectHashTables data took   1.01ms
[2021.05.07-20.42.54:749][197]LogSavePackage: Moving 'C:/xampp/htdocs/GitHub/fpsGame/multiplayerFps/Saved/mainMap388039EC401E079A1A2A55B37F0ED4B2.tmp' to 'C:/xampp/htdocs/GitHub/fpsGame/multiplayerFps/Content/mainMap.umap'
[2021.05.07-20.42.54:788][197]LogFileHelpers: Saving map 'mainMap' took 0.841
[2021.05.07-20.43.08:023][566]LogEditorSessionSummary: EditorSessionSummary sent report. Type=Shutdown, SessionId={4CF488AD-41A9-A975-5C51-0784FA3567B8}
[2021.05.07-20.43.16:592][443]LogEditorViewport: Clicking on Actor (LMB): StaticMeshActor (hek)
[2021.05.07-20.43.25:422][335]LogEditorViewport: Clicking on Actor (CTRL LMB): StaticMeshActor (hek4)
[2021.05.07-20.43.26:353][426]LogEditorViewport: Clicking on Actor (CTRL LMB): StaticMeshActor (hek5)
[2021.05.07-20.43.27:335][530]LogEditorViewport: Clicking on Actor (CTRL LMB): StaticMeshActor (hek6)
[2021.05.07-20.43.28:174][620]LogEditorViewport: Clicking on Actor (CTRL LMB): StaticMeshActor (hek7)
[2021.05.07-20.43.29:150][725]LogEditorViewport: Clicking on Actor (CTRL LMB): StaticMeshActor (hek8)
[2021.05.07-20.43.30:338][853]LogEditorViewport: Clicking on Actor (CTRL LMB): StaticMeshActor (hek9)
[2021.05.07-20.43.31:305][957]LogEditorViewport: Clicking on Actor (CTRL LMB): StaticMeshActor (hek10)
[2021.05.07-20.43.40:916][946]Cmd: TRANSACTION UNDO
[2021.05.07-20.43.40:916][946]LogEditorTransaction: Undo Move Actors
[2021.05.07-20.43.42:093][ 69]Cmd: EDIT COPY
[2021.05.07-20.43.42:421][103]Cmd: EDIT PASTE
[2021.05.07-20.44.14:305][430]Cmd: DELETE
[2021.05.07-20.44.14:305][430]Cmd: ACTOR DELETE
[2021.05.07-20.44.14:335][430]LogEditorActor: Deleted Actor: Brush
[2021.05.07-20.44.14:366][430]LogUObjectHash: Compacting FUObjectHashTables data took   2.85ms
[2021.05.07-20.44.14:533][430]LogEditorActor: Deleted 1 Actors (0.228 secs)
[2021.05.07-20.44.31:629][358]Cmd: DELETE
[2021.05.07-20.44.31:629][358]Cmd: ACTOR DELETE
[2021.05.07-20.44.31:658][358]LogEditorActor: Deleted Actor: Brush
[2021.05.07-20.44.31:685][358]LogUObjectHash: Compacting FUObjectHashTables data took   1.91ms
[2021.05.07-20.44.31:841][358]LogEditorActor: Deleted 1 Actors (0.211 secs)
[2021.05.07-20.45.06:326][ 17]Cmd: TRANSACTION UNDO
[2021.05.07-20.45.06:326][ 17]LogEditorTransaction: Undo Rotate Actors
[2021.05.07-20.45.08:121][195]Cmd: EDIT COPY
[2021.05.07-20.45.08:397][221]Cmd: EDIT PASTE
[2021.05.07-20.46.20:933][442]LogEditorViewport: Clicking on Actor (LMB): StaticMeshActor (hek33)
[2021.05.07-20.46.21:406][481]Cmd: EDIT COPY
[2021.05.07-20.46.21:768][517]Cmd: EDIT PASTE
[2021.05.07-20.46.28:793][202]Cmd: EDIT COPY
[2021.05.07-20.46.29:071][225]Cmd: EDIT PASTE
[2021.05.07-20.46.34:461][766]LogEditorViewport: Clicking on Actor (LMB): BP_Sky_Sphere_C (Sky Sphere)
[2021.05.07-20.48.19:919][338]LogSlate: FSceneViewport::OnFocusLost() reason 5
[2021.05.07-20.48.20:680][420]LogUObjectHash: Compacting FUObjectHashTables data took   2.17ms
[2021.05.07-20.48.20:687][420]LogSlate: FSceneViewport::OnFocusLost() reason 5
[2021.05.07-20.48.20:695][420]Cmd: OBJ SAVEPACKAGE PACKAGE="/Game/mainMap" FILE="C:/xampp/htdocs/GitHub/fpsGame/multiplayerFps/Content/mainMap.umap" SILENT=true AUTOSAVING=false KEEPDIRTY=false
[2021.05.07-20.48.20:726][420]LogUObjectHash: Compacting FUObjectHashTables data took   0.86ms
[2021.05.07-20.48.21:353][420]LogSavePackage: Moving 'C:/xampp/htdocs/GitHub/fpsGame/multiplayerFps/Saved/mainMap283715DA452836F19863C2BC12087F30.tmp' to 'C:/xampp/htdocs/GitHub/fpsGame/multiplayerFps/Content/mainMap.umap'
[2021.05.07-20.48.21:398][420]LogFileHelpers: Saving map 'mainMap' took 0.703
