Log file open, 12/23/20 22:15:49
LogWindows: Failed to load 'aqProf.dll' (GetLastError=126)
LogWindows: File 'aqProf.dll' does not exist
LogWindows: Failed to load 'VtuneApi.dll' (GetLastError=126)
LogWindows: File 'VtuneApi.dll' does not exist
LogWindows: Failed to load 'VtuneApi32e.dll' (GetLastError=126)
LogWindows: File 'VtuneApi32e.dll' does not exist
LogConsoleResponse: Display: Failed to find resolution value strings in scalability ini. Falling back to default.
LogInit: Display: Running engine for game: multiplayerFps
LogPlatformFile: Not using cached read wrapper
LogTaskGraph: Started task graph with 5 named threads and 23 total threads with 3 sets of task threads.
LogStats: Stats thread started at 1.999895
LogD3D11RHI: Loaded GFSDK_Aftermath_Lib.x64.dll
LogICUInternationalization: ICU TimeZone Detection - Raw Offset: +1:00, Platform Override: ''
LogPluginManager: Mounting plugin Paper2D
LogPluginManager: Mounting plugin AISupport
LogPluginManager: Mounting plugin LightPropagationVolume
LogPluginManager: Mounting plugin ActorLayerUtilities
LogPluginManager: Mounting plugin AnimationSharing
LogPluginManager: Mounting plugin CLionSourceCodeAccess
LogPluginManager: Mounting plugin CodeLiteSourceCodeAccess
LogPluginManager: Mounting plugin GitSourceControl
LogPluginManager: Mounting plugin KDevelopSourceCodeAccess
LogPluginManager: Mounting plugin NullSourceCodeAccess
LogPluginManager: Mounting plugin PerforceSourceControl
LogPluginManager: Mounting plugin SubversionSourceControl
LogPluginManager: Mounting plugin UObjectPlugin
LogPluginManager: Mounting plugin VisualStudioCodeSourceCodeAccess
LogPluginManager: Mounting plugin VisualStudioSourceCodeAccess
LogPluginManager: Mounting plugin XCodeSourceCodeAccess
LogPluginManager: Mounting plugin AssetManagerEditor
LogPluginManager: Mounting plugin CryptoKeys
LogPluginManager: Mounting plugin CurveEditorTools
LogPluginManager: Mounting plugin DataValidation
LogPluginManager: Mounting plugin FacialAnimation
LogPluginManager: Mounting plugin GameplayTagsEditor
LogPluginManager: Mounting plugin MacGraphicsSwitching
LogPluginManager: Mounting plugin MaterialAnalyzer
LogPluginManager: Mounting plugin MobileLauncherProfileWizard
LogPluginManager: Mounting plugin PluginBrowser
LogPluginManager: Mounting plugin SpeedTreeImporter
LogPluginManager: Mounting plugin DatasmithContent
LogPluginManager: Mounting plugin VariantManagerContent
LogPluginManager: Mounting plugin AlembicImporter
LogPluginManager: Mounting plugin AutomationUtils
LogPluginManager: Mounting plugin BackChannel
LogPluginManager: Mounting plugin CharacterAI
LogPluginManager: Mounting plugin GeometryCache
LogPluginManager: Mounting plugin HTML5Networking
LogPluginManager: Mounting plugin PlatformCrypto
LogPluginManager: Mounting plugin ProxyLODPlugin
LogPluginManager: Mounting plugin SkeletalReduction
LogPluginManager: Mounting plugin MagicLeap
LogPluginManager: Mounting plugin MagicLeapMedia
LogPluginManager: Mounting plugin AndroidMedia
LogPluginManager: Mounting plugin AvfMedia
LogPluginManager: Mounting plugin ImgMedia
LogPluginManager: Mounting plugin MediaCompositing
LogPluginManager: Mounting plugin MediaPlayerEditor
LogPluginManager: Mounting plugin WebMMedia
LogPluginManager: Mounting plugin WmfMedia
LogPluginManager: Mounting plugin TcpMessaging
LogPluginManager: Mounting plugin UdpMessaging
LogPluginManager: Mounting plugin ActorSequence
LogPluginManager: Mounting plugin LevelSequenceEditor
LogPluginManager: Mounting plugin MatineeToLevelSequence
LogPluginManager: Mounting plugin NetcodeUnitTest
LogPluginManager: Mounting plugin NUTUnrealEngine4
LogPluginManager: Mounting plugin OnlineSubsystemGooglePlay
LogPluginManager: Mounting plugin OnlineSubsystemIOS
LogPluginManager: Mounting plugin OnlineSubsystem
LogPluginManager: Mounting plugin OnlineSubsystemNull
LogPluginManager: Mounting plugin OnlineSubsystemUtils
LogPluginManager: Mounting plugin LauncherChunkInstaller
LogPluginManager: Mounting plugin AndroidDeviceProfileSelector
LogPluginManager: Mounting plugin AndroidMoviePlayer
LogPluginManager: Mounting plugin AndroidPermission
LogPluginManager: Mounting plugin AppleImageUtils
LogPluginManager: Mounting plugin AppleMoviePlayer
LogPluginManager: Mounting plugin ArchVisCharacter
LogPluginManager: Mounting plugin AudioCapture
LogPluginManager: Mounting plugin CableComponent
LogPluginManager: Mounting plugin CustomMeshComponent
LogPluginManager: Mounting plugin EditableMesh
LogPluginManager: Mounting plugin ExampleDeviceProfileSelector
LogPluginManager: Mounting plugin GoogleCloudMessaging
LogPluginManager: Mounting plugin IOSDeviceProfileSelector
LogPluginManager: Mounting plugin LinuxDeviceProfileSelector
LogPluginManager: Mounting plugin LocationServicesBPLibrary
LogPluginManager: Mounting plugin MobilePatchingUtils
LogPluginManager: Mounting plugin OculusVR
LogPluginManager: Mounting plugin PhysXVehicles
LogPluginManager: Mounting plugin ProceduralMeshComponent
LogPluginManager: Mounting plugin RuntimePhysXCooking
LogPluginManager: Mounting plugin SignificanceManager
LogPluginManager: Mounting plugin SteamVR
LogPluginManager: Mounting plugin WebMMoviePlayer
LogPluginManager: Mounting plugin WindowsMoviePlayer
LogPluginManager: Mounting plugin ScreenshotTools
LogInit: Using libcurl 7.55.1-DEV
LogInit:  - built for x86_64-pc-win32
LogInit:  - supports SSL with OpenSSL/1.1.1
LogInit:  - supports HTTP deflate (compression) using libz 1.2.8
LogInit:  - other features:
LogInit:      CURL_VERSION_SSL
LogInit:      CURL_VERSION_LIBZ
LogInit:      CURL_VERSION_IPV6
LogInit:      CURL_VERSION_ASYNCHDNS
LogInit:      CURL_VERSION_LARGEFILE
LogInit:      CURL_VERSION_IDN
LogInit:  CurlRequestOptions (configurable via config and command line):
LogInit:  - bVerifyPeer = true  - Libcurl will verify peer certificate
LogInit:  - bUseHttpProxy = false  - Libcurl will NOT use HTTP proxy
LogInit:  - bDontReuseConnections = false  - Libcurl will reuse connections
LogInit:  - MaxHostConnections = 16  - Libcurl will limit the number of connections to a host
LogInit:  - LocalHostAddr = Default
LogInit:  - BufferSize = 65536
LogOnline: OSS: Creating online subsystem instance for: NULL
LogInit: WinSock: version 1.1 (2.2), MaxSocks=32767, MaxUdp=65467
LogInit: Build: ++UE4+Release-4.23-CL-9631420
LogInit: Engine Version: 4.23.1-9631420+++UE4+Release-4.23
LogInit: Compatible Engine Version: 4.23.0-8386587+++UE4+Release-4.23
LogInit: Net CL: 8386587
LogInit: OS: Windows 10 (Release 1909) (), CPU: Intel(R) Core(TM) i7-7700K CPU @ 4.20GHz, GPU: NVIDIA GeForce GTX 1080
LogInit: Compiled (64-bit): Oct 18 2019 02:07:44
LogInit: Compiled with Visual C++: 19.16.27030.01
LogInit: Build Configuration: Development
LogInit: Branch Name: ++UE4+Release-4.23
LogInit: Command Line:  /Game/mainMap -game -PIEVIACONSOLE -ResX=1280 -ResY=720 -Multiprocess -messaging -SessionName="Play in Standalone Game" -windowed
LogInit: Base Directory: D:/Program Files/Epic Games/UE_4.23/Engine/Binaries/Win64/
LogInit: Installed Engine Build: 1
LogDevObjectVersion: Number of dev versions registered: 23
LogDevObjectVersion:   Dev-Blueprints (B0D832E4-1F89-4F0D-ACCF-7EB736FD4AA2): 10
LogDevObjectVersion:   Dev-Build (E1C64328-A22C-4D53-A36C-8E866417BD8C): 0
LogDevObjectVersion:   Dev-Core (375EC13C-06E4-48FB-B500-84F0262A717E): 3
LogDevObjectVersion:   Dev-Editor (E4B068ED-F494-42E9-A231-DA0B2E46BB41): 34
LogDevObjectVersion:   Dev-Framework (CFFC743F-43B0-4480-9391-14DF171D2073): 35
LogDevObjectVersion:   Dev-Mobile (B02B49B5-BB20-44E9-A304-32B752E40360): 2
LogDevObjectVersion:   Dev-Networking (A4E4105C-59A1-49B5-A7C5-40C4547EDFEE): 0
LogDevObjectVersion:   Dev-Online (39C831C9-5AE6-47DC-9A44-9C173E1C8E7C): 0
LogDevObjectVersion:   Dev-Physics (78F01B33-EBEA-4F98-B9B4-84EACCB95AA2): 0
LogDevObjectVersion:   Dev-Platform (6631380F-2D4D-43E0-8009-CF276956A95A): 0
LogDevObjectVersion:   Dev-Rendering (12F88B9F-8875-4AFC-A67C-D90C383ABD29): 31
LogDevObjectVersion:   Dev-Sequencer (7B5AE74C-D270-4C10-A958-57980B212A5A): 11
LogDevObjectVersion:   Dev-VR (D7296918-1DD6-4BDD-9DE2-64A83CC13884): 2
LogDevObjectVersion:   Dev-LoadTimes (C2A15278-BFE7-4AFE-6C17-90FF531DF755): 1
LogDevObjectVersion:   Private-Geometry (6EACA3D4-40EC-4CC1-B786-8BED09428FC5): 3
LogDevObjectVersion:   Dev-AnimPhys (29E575DD-E0A3-4627-9D10-D276232CDCEA): 17
LogDevObjectVersion:   Dev-Anim (AF43A65D-7FD3-4947-9873-3E8ED9C1BB05): 2
LogDevObjectVersion:   Dev-ReflectionCapture (6B266CEC-1EC7-4B8F-A30B-E4D90942FC07): 1
LogDevObjectVersion:   Dev-Automation (0DF73D61-A23F-47EA-B727-89E90C41499A): 1
LogDevObjectVersion:   FortniteMain (601D1886-AC64-4F84-AA16-D3DE0DEAC7D6): 27
LogDevObjectVersion:   Dev-Enterprise (9DFFBCD6-494F-0158-E221-12823C92A888): 6
LogDevObjectVersion:   Dev-Niagara (F2AED0AC-9AFE-416F-8664-AA7FFA26D6FC): 1
LogDevObjectVersion:   Dev-Destruction (174F1F0B-B4C6-45A5-B13F-2EE8D0FB917D): 9
LogInit: Presizing for max 16777216 objects, including 0 objects not considered by GC, pre-allocating 0 bytes for permanent pool.
LogInit: Object subsystem initialized
LogConfig: Setting CVar [[con.DebugEarlyDefault:1]]
LogConfig: Setting CVar [[r.setres:1280x720]]
[2020.12.23-21.15.51:780][  0]LogConfig: Setting CVar [[con.DebugEarlyDefault:1]]
[2020.12.23-21.15.51:780][  0]LogConfig: Setting CVar [[r.setres:1280x720]]
[2020.12.23-21.15.51:781][  0]LogConfig: Applying CVar settings from Section [/Script/Engine.RendererSettings] File [D:/MustafaSpearGame/fpsGame/multiplayerFps/Saved/Config/Windows/Engine.ini]
[2020.12.23-21.15.51:781][  0]LogConfig: Setting CVar [[r.GPUCrashDebugging:0]]
[2020.12.23-21.15.51:781][  0]LogConfig: Setting CVar [[r.DefaultFeature.AutoExposure.ExtendDefaultLuminanceRange:1]]
[2020.12.23-21.15.51:781][  0]LogConfig: Applying CVar settings from Section [/Script/Engine.RendererOverrideSettings] File [D:/MustafaSpearGame/fpsGame/multiplayerFps/Saved/Config/Windows/Engine.ini]
[2020.12.23-21.15.51:781][  0]LogConfig: Applying CVar settings from Section [/Script/Engine.StreamingSettings] File [D:/MustafaSpearGame/fpsGame/multiplayerFps/Saved/Config/Windows/Engine.ini]
[2020.12.23-21.15.51:781][  0]LogConfig: Setting CVar [[s.MinBulkDataSizeForAsyncLoading:131072]]
[2020.12.23-21.15.51:781][  0]LogConfig: Setting CVar [[s.AsyncLoadingThreadEnabled:0]]
[2020.12.23-21.15.51:781][  0]LogConfig: Setting CVar [[s.EventDrivenLoaderEnabled:1]]
[2020.12.23-21.15.51:781][  0]LogConfig: Setting CVar [[s.WarnIfTimeLimitExceeded:0]]
[2020.12.23-21.15.51:781][  0]LogConfig: Setting CVar [[s.TimeLimitExceededMultiplier:1.5]]
[2020.12.23-21.15.51:781][  0]LogConfig: Setting CVar [[s.TimeLimitExceededMinTime:0.005]]
[2020.12.23-21.15.51:781][  0]LogConfig: Setting CVar [[s.UseBackgroundLevelStreaming:1]]
[2020.12.23-21.15.51:781][  0]LogConfig: Setting CVar [[s.PriorityAsyncLoadingExtraTime:15.0]]
[2020.12.23-21.15.51:781][  0]LogConfig: Setting CVar [[s.LevelStreamingActorsUpdateTimeLimit:5.0]]
[2020.12.23-21.15.51:781][  0]LogConfig: Setting CVar [[s.PriorityLevelStreamingActorsUpdateExtraTime:5.0]]
[2020.12.23-21.15.51:781][  0]LogConfig: Setting CVar [[s.LevelStreamingComponentsRegistrationGranularity:10]]
[2020.12.23-21.15.51:781][  0]LogConfig: Setting CVar [[s.UnregisterComponentsTimeLimit:1.0]]
[2020.12.23-21.15.51:781][  0]LogConfig: Setting CVar [[s.LevelStreamingComponentsUnregistrationGranularity:5]]
[2020.12.23-21.15.51:782][  0]LogConfig: Applying CVar settings from Section [/Script/Engine.GarbageCollectionSettings] File [D:/MustafaSpearGame/fpsGame/multiplayerFps/Saved/Config/Windows/Engine.ini]
[2020.12.23-21.15.51:782][  0]LogConfig: Setting CVar [[gc.MaxObjectsNotConsideredByGC:1]]
[2020.12.23-21.15.51:782][  0]LogConfig: Setting CVar [[gc.SizeOfPermanentObjectPool:0]]
[2020.12.23-21.15.51:782][  0]LogConfig: Setting CVar [[gc.FlushStreamingOnGC:0]]
[2020.12.23-21.15.51:782][  0]LogConfig: Setting CVar [[gc.NumRetriesBeforeForcingGC:10]]
[2020.12.23-21.15.51:782][  0]LogConfig: Setting CVar [[gc.AllowParallelGC:1]]
[2020.12.23-21.15.51:782][  0]LogConfig: Setting CVar [[gc.TimeBetweenPurgingPendingKillObjects:61.1]]
[2020.12.23-21.15.51:782][  0]LogConfig: Setting CVar [[gc.MaxObjectsInEditor:16777216]]
[2020.12.23-21.15.51:782][  0]LogConfig: Setting CVar [[gc.IncrementalBeginDestroyEnabled:1]]
[2020.12.23-21.15.51:782][  0]LogConfig: Setting CVar [[gc.CreateGCClusters:1]]
[2020.12.23-21.15.51:782][  0]LogConfig: Setting CVar [[gc.MinGCClusterSize:5]]
[2020.12.23-21.15.51:782][  0]LogConfig: Setting CVar [[gc.ActorClusteringEnabled:0]]
[2020.12.23-21.15.51:782][  0]LogConfig: Setting CVar [[gc.BlueprintClusteringEnabled:0]]
[2020.12.23-21.15.51:782][  0]LogConfig: Setting CVar [[gc.UseDisregardForGCOnDedicatedServers:0]]
[2020.12.23-21.15.51:782][  0]LogConfig: Applying CVar settings from Section [/Script/Engine.NetworkSettings] File [D:/MustafaSpearGame/fpsGame/multiplayerFps/Saved/Config/Windows/Engine.ini]
[2020.12.23-21.15.51:782][  0]LogConfig: Applying CVar settings from Section [/Script/UnrealEd.CookerSettings] File [D:/MustafaSpearGame/fpsGame/multiplayerFps/Saved/Config/Windows/Engine.ini]
[2020.12.23-21.15.51:807][  0]LogConfig: Applying CVar settings from Section [ViewDistanceQuality@3] File [D:/MustafaSpearGame/fpsGame/multiplayerFps/Saved/Config/Windows/Scalability.ini]
[2020.12.23-21.15.51:807][  0]LogConfig: Setting CVar [[r.SkeletalMeshLODBias:0]]
[2020.12.23-21.15.51:807][  0]LogConfig: Setting CVar [[r.ViewDistanceScale:1.0]]
[2020.12.23-21.15.51:807][  0]LogConfig: Applying CVar settings from Section [AntiAliasingQuality@3] File [D:/MustafaSpearGame/fpsGame/multiplayerFps/Saved/Config/Windows/Scalability.ini]
[2020.12.23-21.15.51:807][  0]LogConfig: Setting CVar [[r.PostProcessAAQuality:4]]
[2020.12.23-21.15.51:807][  0]LogConfig: Applying CVar settings from Section [ShadowQuality@3] File [D:/MustafaSpearGame/fpsGame/multiplayerFps/Saved/Config/Windows/Scalability.ini]
[2020.12.23-21.15.51:807][  0]LogConfig: Setting CVar [[r.LightFunctionQuality:1]]
[2020.12.23-21.15.51:807][  0]LogConfig: Setting CVar [[r.ShadowQuality:5]]
[2020.12.23-21.15.51:807][  0]LogConfig: Setting CVar [[r.Shadow.CSM.MaxCascades:10]]
[2020.12.23-21.15.51:807][  0]LogConfig: Setting CVar [[r.Shadow.MaxResolution:2048]]
[2020.12.23-21.15.51:807][  0]LogConfig: Setting CVar [[r.Shadow.MaxCSMResolution:2048]]
[2020.12.23-21.15.51:807][  0]LogConfig: Setting CVar [[r.Shadow.RadiusThreshold:0.01]]
[2020.12.23-21.15.51:807][  0]LogConfig: Setting CVar [[r.Shadow.DistanceScale:1.0]]
[2020.12.23-21.15.51:807][  0]LogConfig: Setting CVar [[r.Shadow.CSM.TransitionScale:1.0]]
[2020.12.23-21.15.51:807][  0]LogConfig: Setting CVar [[r.Shadow.PreShadowResolutionFactor:1.0]]
[2020.12.23-21.15.51:807][  0]LogConfig: Setting CVar [[r.DistanceFieldShadowing:1]]
[2020.12.23-21.15.51:807][  0]LogConfig: Setting CVar [[r.DistanceFieldAO:1]]
[2020.12.23-21.15.51:807][  0]LogConfig: Setting CVar [[r.AOQuality:2]]
[2020.12.23-21.15.51:807][  0]LogConfig: Setting CVar [[r.VolumetricFog:1]]
[2020.12.23-21.15.51:807][  0]LogConfig: Setting CVar [[r.VolumetricFog.GridPixelSize:8]]
[2020.12.23-21.15.51:807][  0]LogConfig: Setting CVar [[r.VolumetricFog.GridSizeZ:128]]
[2020.12.23-21.15.51:807][  0]LogConfig: Setting CVar [[r.VolumetricFog.HistoryMissSupersampleCount:4]]
[2020.12.23-21.15.51:807][  0]LogConfig: Setting CVar [[r.LightMaxDrawDistanceScale:1]]
[2020.12.23-21.15.51:807][  0]LogConfig: Setting CVar [[r.CapsuleShadows:1]]
[2020.12.23-21.15.51:807][  0]LogConfig: Applying CVar settings from Section [PostProcessQuality@3] File [D:/MustafaSpearGame/fpsGame/multiplayerFps/Saved/Config/Windows/Scalability.ini]
[2020.12.23-21.15.51:807][  0]LogConfig: Setting CVar [[r.MotionBlurQuality:4]]
[2020.12.23-21.15.51:807][  0]LogConfig: Setting CVar [[r.AmbientOcclusionMipLevelFactor:0.4]]
[2020.12.23-21.15.51:807][  0]LogConfig: Setting CVar [[r.AmbientOcclusionMaxQuality:100]]
[2020.12.23-21.15.51:807][  0]LogConfig: Setting CVar [[r.AmbientOcclusionLevels:-1]]
[2020.12.23-21.15.51:807][  0]LogConfig: Setting CVar [[r.AmbientOcclusionRadiusScale:1.0]]
[2020.12.23-21.15.51:807][  0]LogConfig: Setting CVar [[r.DepthOfFieldQuality:2]]
[2020.12.23-21.15.51:807][  0]LogConfig: Setting CVar [[r.RenderTargetPoolMin:400]]
[2020.12.23-21.15.51:807][  0]LogConfig: Setting CVar [[r.LensFlareQuality:2]]
[2020.12.23-21.15.51:807][  0]LogConfig: Setting CVar [[r.SceneColorFringeQuality:1]]
[2020.12.23-21.15.51:807][  0]LogConfig: Setting CVar [[r.EyeAdaptationQuality:2]]
[2020.12.23-21.15.51:807][  0]LogConfig: Setting CVar [[r.BloomQuality:5]]
[2020.12.23-21.15.51:807][  0]LogConfig: Setting CVar [[r.FastBlurThreshold:100]]
[2020.12.23-21.15.51:807][  0]LogConfig: Setting CVar [[r.Upscale.Quality:3]]
[2020.12.23-21.15.51:807][  0]LogConfig: Setting CVar [[r.Tonemapper.GrainQuantization:1]]
[2020.12.23-21.15.51:807][  0]LogConfig: Setting CVar [[r.LightShaftQuality:1]]
[2020.12.23-21.15.51:807][  0]LogConfig: Setting CVar [[r.Filter.SizeScale:1]]
[2020.12.23-21.15.51:807][  0]LogConfig: Setting CVar [[r.Tonemapper.Quality:5]]
[2020.12.23-21.15.51:807][  0]LogConfig: Setting CVar [[r.DOF.Gather.AccumulatorQuality:1        ; higher gathering accumulator quality]]
[2020.12.23-21.15.51:807][  0]LogConfig: Setting CVar [[r.DOF.Gather.PostfilterMethod:1          ; Median3x3 postfilering method]]
[2020.12.23-21.15.51:807][  0]LogConfig: Setting CVar [[r.DOF.Gather.EnableBokehSettings:0       ; no bokeh simulation when gathering]]
[2020.12.23-21.15.51:807][  0]LogConfig: Setting CVar [[r.DOF.Gather.RingCount:4                 ; medium number of samples when gathering]]
[2020.12.23-21.15.51:807][  0]LogConfig: Setting CVar [[r.DOF.Scatter.ForegroundCompositing:1    ; additive foreground scattering]]
[2020.12.23-21.15.51:807][  0]LogConfig: Setting CVar [[r.DOF.Scatter.BackgroundCompositing:2    ; additive background scattering]]
[2020.12.23-21.15.51:807][  0]LogConfig: Setting CVar [[r.DOF.Scatter.EnableBokehSettings:1      ; bokeh simulation when scattering]]
[2020.12.23-21.15.51:807][  0]LogConfig: Setting CVar [[r.DOF.Scatter.MaxSpriteRatio:0.1         ; only a maximum of 10% of scattered bokeh]]
[2020.12.23-21.15.51:807][  0]LogConfig: Setting CVar [[r.DOF.Recombine.Quality:1                ; cheap slight out of focus]]
[2020.12.23-21.15.51:807][  0]LogConfig: Setting CVar [[r.DOF.Recombine.EnableBokehSettings:0    ; no bokeh simulation on slight out of focus]]
[2020.12.23-21.15.51:807][  0]LogConfig: Setting CVar [[r.DOF.TemporalAAQuality:1                ; more stable temporal accumulation]]
[2020.12.23-21.15.51:807][  0]LogConfig: Setting CVar [[r.DOF.Kernel.MaxForegroundRadius:0.025]]
[2020.12.23-21.15.51:807][  0]LogConfig: Setting CVar [[r.DOF.Kernel.MaxBackgroundRadius:0.025]]
[2020.12.23-21.15.51:807][  0]LogConfig: Applying CVar settings from Section [TextureQuality@3] File [D:/MustafaSpearGame/fpsGame/multiplayerFps/Saved/Config/Windows/Scalability.ini]
[2020.12.23-21.15.51:807][  0]LogConfig: Setting CVar [[r.Streaming.MipBias:0]]
[2020.12.23-21.15.51:807][  0]LogConfig: Setting CVar [[r.Streaming.AmortizeCPUToGPUCopy:0]]
[2020.12.23-21.15.51:807][  0]LogConfig: Setting CVar [[r.Streaming.MaxNumTexturesToStreamPerFrame:0]]
[2020.12.23-21.15.51:807][  0]LogConfig: Setting CVar [[r.Streaming.Boost:1]]
[2020.12.23-21.15.51:807][  0]LogConfig: Setting CVar [[r.MaxAnisotropy:8]]
[2020.12.23-21.15.51:807][  0]LogConfig: Setting CVar [[r.Streaming.LimitPoolSizeToVRAM:0]]
[2020.12.23-21.15.51:807][  0]LogConfig: Setting CVar [[r.Streaming.PoolSize:1000]]
[2020.12.23-21.15.51:807][  0]LogConfig: Setting CVar [[r.Streaming.MaxEffectiveScreenSize:0]]
[2020.12.23-21.15.51:807][  0]LogConfig: Applying CVar settings from Section [EffectsQuality@3] File [D:/MustafaSpearGame/fpsGame/multiplayerFps/Saved/Config/Windows/Scalability.ini]
[2020.12.23-21.15.51:807][  0]LogConfig: Setting CVar [[r.TranslucencyLightingVolumeDim:64]]
[2020.12.23-21.15.51:807][  0]LogConfig: Setting CVar [[r.RefractionQuality:2]]
[2020.12.23-21.15.51:807][  0]LogConfig: Setting CVar [[r.SSR.Quality:3]]
[2020.12.23-21.15.51:807][  0]LogConfig: Setting CVar [[r.SceneColorFormat:4]]
[2020.12.23-21.15.51:807][  0]LogConfig: Setting CVar [[r.DetailMode:2]]
[2020.12.23-21.15.51:807][  0]LogConfig: Setting CVar [[r.TranslucencyVolumeBlur:1]]
[2020.12.23-21.15.51:807][  0]LogConfig: Setting CVar [[r.MaterialQualityLevel:1 ; High quality]]
[2020.12.23-21.15.51:807][  0]LogConfig: Setting CVar [[r.SSS.Scale:1]]
[2020.12.23-21.15.51:807][  0]LogConfig: Setting CVar [[r.SSS.SampleSet:2]]
[2020.12.23-21.15.51:807][  0]LogConfig: Setting CVar [[r.SSS.Quality:1]]
[2020.12.23-21.15.51:807][  0]LogConfig: Setting CVar [[r.SSS.HalfRes:1]]
[2020.12.23-21.15.51:807][  0]LogConfig: Setting CVar [[r.EmitterSpawnRateScale:1.0]]
[2020.12.23-21.15.51:807][  0]LogConfig: Setting CVar [[r.ParticleLightQuality:2]]
[2020.12.23-21.15.51:807][  0]LogConfig: Applying CVar settings from Section [FoliageQuality@3] File [D:/MustafaSpearGame/fpsGame/multiplayerFps/Saved/Config/Windows/Scalability.ini]
[2020.12.23-21.15.51:807][  0]LogConfig: Setting CVar [[foliage.DensityScale:1.0]]
[2020.12.23-21.15.51:807][  0]LogConfig: Setting CVar [[grass.DensityScale:1.0]]
[2020.12.23-21.15.51:816][  0]LogInit: Selected Device Profile: [Windows]
[2020.12.23-21.15.51:816][  0]LogInit: Applying CVar settings loaded from the selected device profile: [Windows]
[2020.12.23-21.15.51:871][  0]LogHAL: Display: Platform has ~ 16 GB [17106059264 / 17179869184 / 16], which maps to Larger [LargestMinGB=32, LargerMinGB=12, DefaultMinGB=8, SmallerMinGB=6, SmallestMinGB=0)
[2020.12.23-21.15.51:871][  0]LogInit: Going up to parent DeviceProfile []
[2020.12.23-21.15.51:871][  0]LogConfig: Applying CVar settings from Section [ViewDistanceQuality@3] File [D:/MustafaSpearGame/fpsGame/multiplayerFps/Saved/Config/Windows/Scalability.ini]
[2020.12.23-21.15.51:871][  0]LogConfig: Setting CVar [[r.SkeletalMeshLODBias:0]]
[2020.12.23-21.15.51:871][  0]LogConfig: Setting CVar [[r.ViewDistanceScale:1.0]]
[2020.12.23-21.15.51:871][  0]LogConfig: Applying CVar settings from Section [AntiAliasingQuality@3] File [D:/MustafaSpearGame/fpsGame/multiplayerFps/Saved/Config/Windows/Scalability.ini]
[2020.12.23-21.15.51:871][  0]LogConfig: Setting CVar [[r.PostProcessAAQuality:4]]
[2020.12.23-21.15.51:871][  0]LogConfig: Applying CVar settings from Section [ShadowQuality@3] File [D:/MustafaSpearGame/fpsGame/multiplayerFps/Saved/Config/Windows/Scalability.ini]
[2020.12.23-21.15.51:871][  0]LogConfig: Setting CVar [[r.LightFunctionQuality:1]]
[2020.12.23-21.15.51:871][  0]LogConfig: Setting CVar [[r.ShadowQuality:5]]
[2020.12.23-21.15.51:871][  0]LogConfig: Setting CVar [[r.Shadow.CSM.MaxCascades:10]]
[2020.12.23-21.15.51:871][  0]LogConfig: Setting CVar [[r.Shadow.MaxResolution:2048]]
[2020.12.23-21.15.51:871][  0]LogConfig: Setting CVar [[r.Shadow.MaxCSMResolution:2048]]
[2020.12.23-21.15.51:871][  0]LogConfig: Setting CVar [[r.Shadow.RadiusThreshold:0.01]]
[2020.12.23-21.15.51:871][  0]LogConfig: Setting CVar [[r.Shadow.DistanceScale:1.0]]
[2020.12.23-21.15.51:871][  0]LogConfig: Setting CVar [[r.Shadow.CSM.TransitionScale:1.0]]
[2020.12.23-21.15.51:871][  0]LogConfig: Setting CVar [[r.Shadow.PreShadowResolutionFactor:1.0]]
[2020.12.23-21.15.51:871][  0]LogConfig: Setting CVar [[r.DistanceFieldShadowing:1]]
[2020.12.23-21.15.51:871][  0]LogConfig: Setting CVar [[r.DistanceFieldAO:1]]
[2020.12.23-21.15.51:871][  0]LogConfig: Setting CVar [[r.AOQuality:2]]
[2020.12.23-21.15.51:871][  0]LogConfig: Setting CVar [[r.VolumetricFog:1]]
[2020.12.23-21.15.51:871][  0]LogConfig: Setting CVar [[r.VolumetricFog.GridPixelSize:8]]
[2020.12.23-21.15.51:871][  0]LogConfig: Setting CVar [[r.VolumetricFog.GridSizeZ:128]]
[2020.12.23-21.15.51:871][  0]LogConfig: Setting CVar [[r.VolumetricFog.HistoryMissSupersampleCount:4]]
[2020.12.23-21.15.51:871][  0]LogConfig: Setting CVar [[r.LightMaxDrawDistanceScale:1]]
[2020.12.23-21.15.51:871][  0]LogConfig: Setting CVar [[r.CapsuleShadows:1]]
[2020.12.23-21.15.51:871][  0]LogConfig: Applying CVar settings from Section [PostProcessQuality@3] File [D:/MustafaSpearGame/fpsGame/multiplayerFps/Saved/Config/Windows/Scalability.ini]
[2020.12.23-21.15.51:871][  0]LogConfig: Setting CVar [[r.MotionBlurQuality:4]]
[2020.12.23-21.15.51:871][  0]LogConfig: Setting CVar [[r.AmbientOcclusionMipLevelFactor:0.4]]
[2020.12.23-21.15.51:871][  0]LogConfig: Setting CVar [[r.AmbientOcclusionMaxQuality:100]]
[2020.12.23-21.15.51:871][  0]LogConfig: Setting CVar [[r.AmbientOcclusionLevels:-1]]
[2020.12.23-21.15.51:871][  0]LogConfig: Setting CVar [[r.AmbientOcclusionRadiusScale:1.0]]
[2020.12.23-21.15.51:871][  0]LogConfig: Setting CVar [[r.DepthOfFieldQuality:2]]
[2020.12.23-21.15.51:871][  0]LogConfig: Setting CVar [[r.RenderTargetPoolMin:400]]
[2020.12.23-21.15.51:871][  0]LogConfig: Setting CVar [[r.LensFlareQuality:2]]
[2020.12.23-21.15.51:871][  0]LogConfig: Setting CVar [[r.SceneColorFringeQuality:1]]
[2020.12.23-21.15.51:871][  0]LogConfig: Setting CVar [[r.EyeAdaptationQuality:2]]
[2020.12.23-21.15.51:871][  0]LogConfig: Setting CVar [[r.BloomQuality:5]]
[2020.12.23-21.15.51:871][  0]LogConfig: Setting CVar [[r.FastBlurThreshold:100]]
[2020.12.23-21.15.51:871][  0]LogConfig: Setting CVar [[r.Upscale.Quality:3]]
[2020.12.23-21.15.51:871][  0]LogConfig: Setting CVar [[r.Tonemapper.GrainQuantization:1]]
[2020.12.23-21.15.51:872][  0]LogConfig: Setting CVar [[r.LightShaftQuality:1]]
[2020.12.23-21.15.51:872][  0]LogConfig: Setting CVar [[r.Filter.SizeScale:1]]
[2020.12.23-21.15.51:872][  0]LogConfig: Setting CVar [[r.Tonemapper.Quality:5]]
[2020.12.23-21.15.51:872][  0]LogConfig: Setting CVar [[r.DOF.Gather.AccumulatorQuality:1        ; higher gathering accumulator quality]]
[2020.12.23-21.15.51:872][  0]LogConfig: Setting CVar [[r.DOF.Gather.PostfilterMethod:1          ; Median3x3 postfilering method]]
[2020.12.23-21.15.51:872][  0]LogConfig: Setting CVar [[r.DOF.Gather.EnableBokehSettings:0       ; no bokeh simulation when gathering]]
[2020.12.23-21.15.51:872][  0]LogConfig: Setting CVar [[r.DOF.Gather.RingCount:4                 ; medium number of samples when gathering]]
[2020.12.23-21.15.51:872][  0]LogConfig: Setting CVar [[r.DOF.Scatter.ForegroundCompositing:1    ; additive foreground scattering]]
[2020.12.23-21.15.51:872][  0]LogConfig: Setting CVar [[r.DOF.Scatter.BackgroundCompositing:2    ; additive background scattering]]
[2020.12.23-21.15.51:872][  0]LogConfig: Setting CVar [[r.DOF.Scatter.EnableBokehSettings:1      ; bokeh simulation when scattering]]
[2020.12.23-21.15.51:872][  0]LogConfig: Setting CVar [[r.DOF.Scatter.MaxSpriteRatio:0.1         ; only a maximum of 10% of scattered bokeh]]
[2020.12.23-21.15.51:872][  0]LogConfig: Setting CVar [[r.DOF.Recombine.Quality:1                ; cheap slight out of focus]]
[2020.12.23-21.15.51:872][  0]LogConfig: Setting CVar [[r.DOF.Recombine.EnableBokehSettings:0    ; no bokeh simulation on slight out of focus]]
[2020.12.23-21.15.51:872][  0]LogConfig: Setting CVar [[r.DOF.TemporalAAQuality:1                ; more stable temporal accumulation]]
[2020.12.23-21.15.51:872][  0]LogConfig: Setting CVar [[r.DOF.Kernel.MaxForegroundRadius:0.025]]
[2020.12.23-21.15.51:872][  0]LogConfig: Setting CVar [[r.DOF.Kernel.MaxBackgroundRadius:0.025]]
[2020.12.23-21.15.51:872][  0]LogConfig: Applying CVar settings from Section [TextureQuality@3] File [D:/MustafaSpearGame/fpsGame/multiplayerFps/Saved/Config/Windows/Scalability.ini]
[2020.12.23-21.15.51:872][  0]LogConfig: Setting CVar [[r.Streaming.MipBias:0]]
[2020.12.23-21.15.51:872][  0]LogConfig: Setting CVar [[r.Streaming.AmortizeCPUToGPUCopy:0]]
[2020.12.23-21.15.51:872][  0]LogConfig: Setting CVar [[r.Streaming.MaxNumTexturesToStreamPerFrame:0]]
[2020.12.23-21.15.51:872][  0]LogConfig: Setting CVar [[r.Streaming.Boost:1]]
[2020.12.23-21.15.51:872][  0]LogConfig: Setting CVar [[r.MaxAnisotropy:8]]
[2020.12.23-21.15.51:872][  0]LogConfig: Setting CVar [[r.Streaming.LimitPoolSizeToVRAM:0]]
[2020.12.23-21.15.51:872][  0]LogConfig: Setting CVar [[r.Streaming.PoolSize:1000]]
[2020.12.23-21.15.51:872][  0]LogConfig: Setting CVar [[r.Streaming.MaxEffectiveScreenSize:0]]
[2020.12.23-21.15.51:872][  0]LogConfig: Applying CVar settings from Section [EffectsQuality@3] File [D:/MustafaSpearGame/fpsGame/multiplayerFps/Saved/Config/Windows/Scalability.ini]
[2020.12.23-21.15.51:872][  0]LogConfig: Setting CVar [[r.TranslucencyLightingVolumeDim:64]]
[2020.12.23-21.15.51:872][  0]LogConfig: Setting CVar [[r.RefractionQuality:2]]
[2020.12.23-21.15.51:872][  0]LogConfig: Setting CVar [[r.SSR.Quality:3]]
[2020.12.23-21.15.51:872][  0]LogConfig: Setting CVar [[r.SceneColorFormat:4]]
[2020.12.23-21.15.51:872][  0]LogConfig: Setting CVar [[r.DetailMode:2]]
[2020.12.23-21.15.51:872][  0]LogConfig: Setting CVar [[r.TranslucencyVolumeBlur:1]]
[2020.12.23-21.15.51:872][  0]LogConfig: Setting CVar [[r.MaterialQualityLevel:1 ; High quality]]
[2020.12.23-21.15.51:872][  0]LogConfig: Setting CVar [[r.SSS.Scale:1]]
[2020.12.23-21.15.51:872][  0]LogConfig: Setting CVar [[r.SSS.SampleSet:2]]
[2020.12.23-21.15.51:872][  0]LogConfig: Setting CVar [[r.SSS.Quality:1]]
[2020.12.23-21.15.51:872][  0]LogConfig: Setting CVar [[r.SSS.HalfRes:1]]
[2020.12.23-21.15.51:872][  0]LogConfig: Setting CVar [[r.EmitterSpawnRateScale:1.0]]
[2020.12.23-21.15.51:872][  0]LogConfig: Setting CVar [[r.ParticleLightQuality:2]]
[2020.12.23-21.15.51:872][  0]LogConfig: Applying CVar settings from Section [FoliageQuality@3] File [D:/MustafaSpearGame/fpsGame/multiplayerFps/Saved/Config/Windows/Scalability.ini]
[2020.12.23-21.15.51:872][  0]LogConfig: Setting CVar [[foliage.DensityScale:1.0]]
[2020.12.23-21.15.51:872][  0]LogConfig: Setting CVar [[grass.DensityScale:1.0]]
[2020.12.23-21.15.51:872][  0]LogConfig: Applying CVar settings from Section [Startup] File [../../../Engine/Config/ConsoleVariables.ini]
[2020.12.23-21.15.51:884][  0]LogConfig: Setting CVar [[net.UseAdaptiveNetUpdateFrequency:0]]
[2020.12.23-21.15.51:884][  0]LogConfig: Setting CVar [[p.chaos.AllowCreatePhysxBodies:1]]
[2020.12.23-21.15.51:884][  0]LogConfig: Applying CVar settings from Section [ConsoleVariables] File [D:/MustafaSpearGame/fpsGame/multiplayerFps/Saved/Config/Windows/Engine.ini]
[2020.12.23-21.15.51:921][  0]LogInit: Computer: JOEYCOMPUTER
[2020.12.23-21.15.51:921][  0]LogInit: User: joeym
[2020.12.23-21.15.51:921][  0]LogInit: CPU Page size=4096, Cores=4
[2020.12.23-21.15.51:921][  0]LogInit: High frequency timer resolution =10.000000 MHz
[2020.12.23-21.15.51:926][  0]LogMemory: Memory total: Physical=15.9GB (16GB approx)
[2020.12.23-21.15.51:928][  0]LogMemory: Platform Memory Stats for Windows
[2020.12.23-21.15.51:928][  0]LogMemory: Process Physical Memory: 101.01 MB used, 101.02 MB peak
[2020.12.23-21.15.51:928][  0]LogMemory: Process Virtual Memory: 88.91 MB used, 88.91 MB peak
[2020.12.23-21.15.51:928][  0]LogMemory: Physical Memory: 15764.82 MB used,  548.79 MB free, 16313.61 MB total
[2020.12.23-21.15.51:928][  0]LogMemory: Virtual Memory: 4657.55 MB used,  134213072.00 MB free, 134217728.00 MB total
[2020.12.23-21.15.51:935][  0]LogWindows: WindowsPlatformFeatures enabled
[2020.12.23-21.15.52:365][  0]LogInit: Using OS detected language (nl-NL).
[2020.12.23-21.15.52:365][  0]LogInit: Using OS detected locale (nl-NL).
[2020.12.23-21.15.52:366][  0]LogTextLocalizationManager: No localization for 'nl-NL' exists, so 'en' will be used for the language.
[2020.12.23-21.15.52:366][  0]LogTextLocalizationManager: No localization for 'nl-NL' exists, so 'en' will be used for the locale.
[2020.12.23-21.15.53:749][  0]LogSlate: New Slate User Created.  User Index 0, Is Virtual User: 0
[2020.12.23-21.15.53:749][  0]LogSlate: Slate User Registered.  User Index 0, Is Virtual User: 0
[2020.12.23-21.15.53:826][  0]LogHMD: Failed to initialize OpenVR with code 110
[2020.12.23-21.15.53:826][  0]LogD3D11RHI: D3D11 adapters:
[2020.12.23-21.15.53:957][  0]LogD3D11RHI:    0. 'NVIDIA GeForce GTX 1080' (Feature Level 11_0)
[2020.12.23-21.15.53:957][  0]LogD3D11RHI:       8079/0/8156 MB DedicatedVideo/DedicatedSystem/SharedSystem, Outputs:2, VendorId:0x10de
[2020.12.23-21.15.53:960][  0]LogD3D11RHI:    1. 'Microsoft Basic Render Driver' (Feature Level 11_0)
[2020.12.23-21.15.53:960][  0]LogD3D11RHI:       0/0/8156 MB DedicatedVideo/DedicatedSystem/SharedSystem, Outputs:0, VendorId:0x1414
[2020.12.23-21.15.53:960][  0]LogD3D11RHI: Chosen D3D11 Adapter: 0
[2020.12.23-21.15.54:064][  0]LogD3D11RHI: Creating new Direct3DDevice
[2020.12.23-21.15.54:064][  0]LogD3D11RHI:     GPU DeviceId: 0x1b80 (for the marketing name, search the web for "GPU Device Id")
[2020.12.23-21.15.54:064][  0]LogWindows: EnumDisplayDevices:
[2020.12.23-21.15.54:064][  0]LogWindows:    0. 'NVIDIA GeForce GTX 1080' (P:0 D:1)
[2020.12.23-21.15.54:065][  0]LogWindows:    1. 'NVIDIA GeForce GTX 1080' (P:1 D:1)
[2020.12.23-21.15.54:065][  0]LogWindows:    2. 'NVIDIA GeForce GTX 1080' (P:0 D:0)
[2020.12.23-21.15.54:065][  0]LogWindows:    3. 'NVIDIA GeForce GTX 1080' (P:0 D:0)
[2020.12.23-21.15.54:066][  0]LogWindows: DebugString: FoundDriverCount:4 
[2020.12.23-21.15.54:066][  0]LogD3D11RHI:     Adapter Name: NVIDIA GeForce GTX 1080
[2020.12.23-21.15.54:073][  0]LogD3D11RHI:   Driver Version: 460.89 (internal:27.21.14.6089, unified:460.89)
[2020.12.23-21.15.54:073][  0]LogD3D11RHI:      Driver Date: 12-11-2020
[2020.12.23-21.15.54:073][  0]LogRHI: Texture pool is 5655 MB (70% of 8079 MB)
[2020.12.23-21.15.54:158][  0]LogD3D11RHI: Async texture creation enabled
[2020.12.23-21.15.54:320][  0]LogD3D11RHI: GPU Timing Frequency: 1000.000000 (Debug: 2 1)
[2020.12.23-21.15.55:451][  0]LogTemp: Display: Module 'WindowsClientTargetPlatform' loaded TargetPlatform 'WindowsClient'
[2020.12.23-21.15.55:469][  0]LogTemp: Display: Module 'WindowsNoEditorTargetPlatform' loaded TargetPlatform 'WindowsNoEditor'
[2020.12.23-21.15.55:483][  0]LogTemp: Display: Module 'WindowsServerTargetPlatform' loaded TargetPlatform 'WindowsServer'
[2020.12.23-21.15.55:496][  0]LogTemp: Display: Module 'WindowsTargetPlatform' loaded TargetPlatform 'Windows'
[2020.12.23-21.15.55:496][  0]LogTargetPlatformManager: Display: Building Assets For Windows
[2020.12.23-21.15.55:570][  0]LogAudioDebug: Display: Lib vorbis DLL was dynamically loaded.
[2020.12.23-21.15.55:976][  0]LogShaderCompilers: Guid format shader working directory is -13 characters bigger than the processId version (../../../../../../MustafaSpearGame/fpsGame/multiplayerFps/Intermediate/Shaders/WorkingDirectory/585044/).
[2020.12.23-21.15.55:976][  0]LogShaderCompilers: Cleaned the shader compiler working directory 'C:/Users/joeym/AppData/Local/Temp/UnrealShaderWorkingDir/FE1556E244939001E1EC37B5775CC554/'.
[2020.12.23-21.15.55:995][  0]LogXGEController: Cannot use XGE Controller as Incredibuild is not installed on this machine.
[2020.12.23-21.15.56:002][  0]LogShaderCompilers: Cannot use XGE Shader Compiler as Incredibuild is not installed on this machine.
[2020.12.23-21.15.56:002][  0]LogShaderCompilers: Display: Using Local Shader Compiler.
[2020.12.23-21.15.59:223][  0]LogDerivedDataCache: Display: Max Cache Size: 512 MB
[2020.12.23-21.15.59:347][  0]LogDerivedDataCache: Loaded boot cache 0.12s 74MB C:/Users/joeym/AppData/Local/UnrealEngine/4.23/DerivedDataCache/Boot.ddc.
[2020.12.23-21.15.59:348][  0]LogDerivedDataCache: Display: Loaded Boot cache: C:/Users/joeym/AppData/Local/UnrealEngine/4.23/DerivedDataCache/Boot.ddc
[2020.12.23-21.15.59:348][  0]LogDerivedDataCache: FDerivedDataBackendGraph:  Pak pak cache file ../../../../../../MustafaSpearGame/fpsGame/multiplayerFps/DerivedDataCache/DDC.ddp not found, will not use a pak cache.
[2020.12.23-21.15.59:348][  0]LogDerivedDataCache: Unable to find inner node Pak for hierarchical cache Hierarchy.
[2020.12.23-21.15.59:348][  0]LogDerivedDataCache: FDerivedDataBackendGraph:  CompressedPak pak cache file ../../../../../../MustafaSpearGame/fpsGame/multiplayerFps/DerivedDataCache/Compressed.ddp not found, will not use a pak cache.
[2020.12.23-21.15.59:348][  0]LogDerivedDataCache: Unable to find inner node CompressedPak for hierarchical cache Hierarchy.
[2020.12.23-21.15.59:391][  0]LogDerivedDataCache: Display: Pak cache opened for reading ../../../Engine/DerivedDataCache/Compressed.ddp.
[2020.12.23-21.15.59:444][  0]LogDerivedDataCache: Display: Pak cache opened for reading ../../../Enterprise/DerivedDataCache/Compressed.ddp.
[2020.12.23-21.15.59:446][  0]LogDerivedDataCache: Using Local data cache path C:/Users/joeym/AppData/Local/UnrealEngine/Common/DerivedDataCache: Writable
[2020.12.23-21.15.59:446][  0]LogDerivedDataCache: Shared data cache path not found in *engine.ini, will not use an Shared cache.
[2020.12.23-21.15.59:446][  0]LogDerivedDataCache: Unable to find inner node Shared for hierarchical cache Hierarchy.
[2020.12.23-21.15.59:499][  0]LogMaterial: Verifying Global Shaders for PCD3D_SM5
[2020.12.23-21.15.59:561][  0]LogSlate: Using FreeType 2.6.0
[2020.12.23-21.15.59:663][  0]LogSlate: SlateFontServices - WITH_FREETYPE: 1, WITH_HARFBUZZ: 1
[2020.12.23-21.16.00:540][  0]LogInit: Using OS detected language (nl-NL).
[2020.12.23-21.16.00:540][  0]LogInit: Using OS detected locale (nl-NL).
[2020.12.23-21.16.00:540][  0]LogTextLocalizationManager: No localization for 'nl-NL' exists, so 'en' will be used for the language.
[2020.12.23-21.16.00:540][  0]LogTextLocalizationManager: No localization for 'nl-NL' exists, so 'en' will be used for the locale.
[2020.12.23-21.16.00:541][  0]LogTextLocalizationManager: Compacting localization data took   0.00ms
[2020.12.23-21.16.00:557][  0]LogAssetRegistry: FAssetRegistry took 0.0022 seconds to start up
[2020.12.23-21.16.03:110][  0]LogPackageLocalizationCache: Processed 12 localized package path(s) for 1 prioritized culture(s) in 0.029066 seconds
[2020.12.23-21.16.03:387][  0]LogInit: Selected Device Profile: [Windows]
[2020.12.23-21.16.04:398][  0]LogMeshReduction: Using QuadricMeshReduction for automatic static mesh reduction
[2020.12.23-21.16.04:398][  0]LogMeshReduction: Using SimplygonMeshReduction for automatic skeletal mesh reduction
[2020.12.23-21.16.04:398][  0]LogMeshReduction: Using ProxyLODMeshReduction for automatic mesh merging
[2020.12.23-21.16.04:398][  0]LogMeshReduction: No distributed automatic mesh merging module available
[2020.12.23-21.16.04:399][  0]LogMeshMerging: No distributed automatic mesh merging module available
[2020.12.23-21.16.04:641][  0]LogNetVersion: multiplayerFps 1.0.0, NetCL: 8386587, EngineNetVer: 11, GameNetVer: 0 (Checksum: 1238615541)
[2020.12.23-21.16.10:457][  0]LogMoviePlayer: Initializing movie player
[2020.12.23-21.16.11:156][  0]LogTcpMessaging: Initializing TcpMessaging bridge
[2020.12.23-21.16.11:194][  0]LogUdpMessaging: Initializing bridge on interface 0.0.0.0:0 to multicast group 230.0.0.1:6666.
[2020.12.23-21.16.11:517][  0]SourceControl: Source control is disabled
[2020.12.23-21.16.11:517][  0]SourceControl: Source control is disabled
[2020.12.23-21.16.11:534][  0]SourceControl: Source control is disabled
[2020.12.23-21.16.12:135][  0]LogAndroidPermission: UAndroidPermissionCallbackProxy::GetInstance
[2020.12.23-21.16.12:715][  0]LogOcInput: OculusInput pre-init called
[2020.12.23-21.16.12:794][  0]LogUObjectArray: 48866 objects as part of root set at end of initial load.
[2020.12.23-21.16.12:794][  0]LogUObjectAllocator: 8609784 out of 0 bytes used by permanent object pool.
[2020.12.23-21.16.12:794][  0]LogUObjectArray: CloseDisregardForGC: 0/0 objects in disregard for GC pool
[2020.12.23-21.16.14:005][  0]LogEngine: Initializing Engine...
[2020.12.23-21.16.14:016][  0]LogHMD: Failed to initialize OpenVR with code 110
[2020.12.23-21.16.14:052][  0]LogStats: UGameplayTagsManager::InitializeManager -  0.015 s
[2020.12.23-21.16.14:504][  0]LogInit: Initializing FReadOnlyCVARCache
[2020.12.23-21.16.14:535][  0]LogInit: XAudio2 using 'Hoofdtelefoon (Arctis 7 Game)' : 2 channels at 48 kHz using 16 bits per sample (channel mask 0x3)
[2020.12.23-21.16.14:582][  0]LogInit: FAudioDevice initialized.
[2020.12.23-21.16.14:594][  0]LogNetVersion: Set ProjectVersion to 1.0.0.0. Version Checksum will be recalculated on next use.
[2020.12.23-21.16.14:601][  0]LogInit: Texture streaming: Enabled
[2020.12.23-21.16.15:841][  0]LogSlate: Updating window title bar state: overlay mode, drag disabled, window buttons hidden, title bar hidden
[2020.12.23-21.16.15:870][  0]LogInit: Display: Game Engine Initialized.
[2020.12.23-21.16.16:387][  0]LogInit: Display: Starting Game.
[2020.12.23-21.16.16:387][  0]LogNet: Browse: /Game/mainMap?Name=Player
[2020.12.23-21.16.16:388][  0]LogLoad: LoadMap: /Game/mainMap?Name=Player
[2020.12.23-21.16.16:388][  0]LogWorld: BeginTearingDown for /Temp/Untitled_0
[2020.12.23-21.16.16:401][  0]LogWorld: UWorld::CleanupWorld for Untitled, bSessionEnded=true, bCleanupResources=true
[2020.12.23-21.16.16:457][  0]LogUObjectHash: Compacting FUObjectHashTables data took   2.47ms
[2020.12.23-21.16.18:064][  0]LogAIModule: Creating AISystem for world mainMap
[2020.12.23-21.16.18:065][  0]LogLoad: Game class is 'myGameMode_C'
[2020.12.23-21.16.18:133][  0]LogWorld: Bringing World /Game/mainMap.mainMap up for play (max tick rate 0) at 2020.12.23-22.16.18
[2020.12.23-21.16.18:157][  0]LogWorld: Bringing up level for play took: 0.086897
[2020.12.23-21.16.18:158][  0]LogGameMode: FindPlayerStart: PATHS NOT DEFINED or NO PLAYERSTART with positive rating
[2020.12.23-21.16.18:212][  0]LogLoad: Took 1.824420 seconds to LoadMap(/Game/mainMap)
[2020.12.23-21.16.18:292][  0]LogRenderer: Reallocating scene render targets to support 1280x720 Format 10 NumSamples 1 (Frame:1).
[2020.12.23-21.16.18:293][  0]LogSlate: Took 0.038656 seconds to synchronously load lazily loaded font '../../../Engine/Content/Slate/Fonts/Roboto-Regular.ttf' (155K)
[2020.12.23-21.16.18:693][  0]LogLoad: (Engine Initialization) Total time: 41.88 seconds
[2020.12.23-21.16.18:693][  0]LogLoad: (Engine Initialization) Total Blueprint compile time: 0.00 seconds
[2020.12.23-21.16.18:814][  0]LogContentStreaming: Texture pool size now 1000 MB
[2020.12.23-21.17.21:535][847]LogSlate: FSceneViewport::OnFocusLost() reason 2
[2020.12.23-21.17.23:538][958]LogRenderer: Reallocating scene render targets to support 1920x1020 Format 10 NumSamples 1 (Frame:3961).
[2020.12.23-21.17.34:560][637]LogBlueprintUserMessages: [myPlayer_C_0] have spear
[2020.12.23-21.18.08:280][705]LogRenderer: Reallocating scene render targets to support 1280x720 Format 10 NumSamples 1 (Frame:6710).
[2020.12.23-21.18.09:295][760]LogSlate: Window 'multiplayerFps (64-bit Development PCD3D_SM5) ' being destroyed
[2020.12.23-21.18.09:295][760]LogWindowsTextInputMethodSystem: Display: IME system now deactivated.
[2020.12.23-21.18.09:301][760]LogSlate: Updating window title bar state: overlay mode, drag disabled, window buttons hidden, title bar hidden
[2020.12.23-21.18.09:301][760]LogEngine: All Windows Closed
[2020.12.23-21.18.09:301][760]LogWindows: FPlatformMisc::RequestExit(0)
[2020.12.23-21.18.09:349][761]LogWorld: BeginTearingDown for /Game/mainMap
[2020.12.23-21.18.09:349][761]LogWorld: UWorld::CleanupWorld for mainMap, bSessionEnded=true, bCleanupResources=true
[2020.12.23-21.18.10:260][761]LogExit: Preparing to exit.
[2020.12.23-21.18.10:269][761]LogMoviePlayer: Shutting down movie player
[2020.12.23-21.18.11:410][761]LogSlate: Updating window title bar state: overlay mode, drag disabled, window buttons hidden, title bar hidden
[2020.12.23-21.18.11:765][761]LogExit: Game engine shut down
[2020.12.23-21.18.11:851][761]LogDemo: Cleaned up 0 splitscreen connections with owner deletion
[2020.12.23-21.18.13:517][761]LogExit: Object subsystem successfully closed.
[2020.12.23-21.18.13:745][761]LogShaderCompilers: Display: Shaders left to compile 0
[2020.12.23-21.18.14:585][761]LogModuleManager: Shutting down and abandoning module SequenceRecorderSections (408)
[2020.12.23-21.18.14:585][761]LogModuleManager: Shutting down and abandoning module SequenceRecorder (406)
[2020.12.23-21.18.14:585][761]LogModuleManager: Shutting down and abandoning module AutomationController (404)
[2020.12.23-21.18.14:591][761]LogModuleManager: Shutting down and abandoning module AutomationWorker (402)
[2020.12.23-21.18.14:591][761]LogModuleManager: Shutting down and abandoning module Voice (400)
[2020.12.23-21.18.14:598][761]LogModuleManager: Shutting down and abandoning module AIModule (398)
[2020.12.23-21.18.14:599][761]LogModuleManager: Shutting down and abandoning module GameplayDebugger (397)
[2020.12.23-21.18.14:616][761]LogModuleManager: Shutting down and abandoning module AITestSuite (395)
[2020.12.23-21.18.14:616][761]LogModuleManager: Shutting down and abandoning module NavigationSystem (393)
[2020.12.23-21.18.14:616][761]LogModuleManager: Shutting down and abandoning module OculusMR (390)
[2020.12.23-21.18.14:616][761]LogModuleManager: Shutting down and abandoning module WmfMediaFactory (388)
[2020.12.23-21.18.14:616][761]LogModuleManager: Shutting down and abandoning module WebMMediaFactory (386)
[2020.12.23-21.18.14:616][761]LogModuleManager: Shutting down and abandoning module WebMMedia (384)
[2020.12.23-21.18.14:620][761]LogModuleManager: Shutting down and abandoning module OpenExrWrapper (382)
[2020.12.23-21.18.14:620][761]LogModuleManager: Shutting down and abandoning module ImgMediaFactory (380)
[2020.12.23-21.18.14:620][761]LogModuleManager: Shutting down and abandoning module AvfMediaFactory (378)
[2020.12.23-21.18.14:620][761]LogModuleManager: Shutting down and abandoning module MagicLeapCameraPreviewFactory (376)
[2020.12.23-21.18.14:620][761]LogModuleManager: Shutting down and abandoning module MagicLeapMediaCodecFactory (374)
[2020.12.23-21.18.14:620][761]LogModuleManager: Shutting down and abandoning module MagicLeapMediaFactory (372)
[2020.12.23-21.18.14:620][761]LogModuleManager: Shutting down and abandoning module CharacterAI (370)
[2020.12.23-21.18.14:620][761]LogModuleManager: Shutting down and abandoning module SessionServices (368)
[2020.12.23-21.18.14:620][761]LogModuleManager: Shutting down and abandoning module MovieSceneCapture (366)
[2020.12.23-21.18.14:632][761]LogModuleManager: Shutting down and abandoning module LiveCoding (364)
[2020.12.23-21.18.14:650][761]LogModuleManager: Shutting down and abandoning module LevelSequence (362)
[2020.12.23-21.18.14:651][761]LogModuleManager: Shutting down and abandoning module MovieSceneTracks (360)
[2020.12.23-21.18.14:651][761]LogModuleManager: Shutting down and abandoning module MovieScene (358)
[2020.12.23-21.18.14:651][761]LogModuleManager: Shutting down and abandoning module StreamingPauseRendering (356)
[2020.12.23-21.18.14:651][761]LogModuleManager: Shutting down and abandoning module PortalServices (354)
[2020.12.23-21.18.14:651][761]LogModuleManager: Shutting down and abandoning module PortalRpc (352)
[2020.12.23-21.18.14:651][761]LogModuleManager: Shutting down and abandoning module MessagingRpc (350)
[2020.12.23-21.18.14:651][761]LogModuleManager: Shutting down and abandoning module ImageWriteQueue (348)
[2020.12.23-21.18.14:653][761]LogModuleManager: Shutting down and abandoning module ProfilerService (346)
[2020.12.23-21.18.14:776][761]LogModuleManager: Shutting down and abandoning module TaskGraph (344)
[2020.12.23-21.18.14:843][761]LogModuleManager: Shutting down and abandoning module SteamVRController (342)
[2020.12.23-21.18.14:843][761]LogModuleManager: Shutting down and abandoning module ProceduralMeshComponent (340)
[2020.12.23-21.18.14:843][761]LogModuleManager: Shutting down and abandoning module OculusInput (338)
[2020.12.23-21.18.14:843][761]LogModuleManager: Shutting down and abandoning module MobilePatchingUtils (336)
[2020.12.23-21.18.14:843][761]LogModuleManager: Shutting down and abandoning module EditableMesh (334)
[2020.12.23-21.18.14:843][761]LogModuleManager: Shutting down and abandoning module CustomMeshComponent (332)
[2020.12.23-21.18.14:843][761]LogModuleManager: Shutting down and abandoning module CableComponent (330)
[2020.12.23-21.18.14:843][761]LogModuleManager: Shutting down and abandoning module AudioCapture (328)
[2020.12.23-21.18.14:844][761]LogModuleManager: Shutting down and abandoning module ArchVisCharacter (326)
[2020.12.23-21.18.14:844][761]LogModuleManager: Shutting down and abandoning module AppleImageUtilsBlueprintSupport (324)
[2020.12.23-21.18.14:844][761]LogModuleManager: Shutting down and abandoning module AppleImageUtils (322)
[2020.12.23-21.18.14:844][761]LogModuleManager: Shutting down and abandoning module AndroidPermission (320)
[2020.12.23-21.18.14:844][761]LogModuleManager: Shutting down and abandoning module NUTUnrealEngine4 (318)
[2020.12.23-21.18.14:844][761]LogModuleManager: Shutting down and abandoning module NetcodeUnitTest (316)
[2020.12.23-21.18.14:854][761]LogModuleManager: Shutting down and abandoning module MediaCompositing (314)
[2020.12.23-21.18.14:854][761]LogModuleManager: Shutting down and abandoning module ImgMedia (312)
[2020.12.23-21.18.14:859][761]LogModuleManager: Shutting down and abandoning module MagicLeapHelperVulkan (310)
[2020.12.23-21.18.14:859][761]LogModuleManager: Shutting down and abandoning module MagicLeapHelperOpenGL (308)
[2020.12.23-21.18.14:859][761]LogModuleManager: Shutting down and abandoning module MagicLeapAudio (306)
[2020.12.23-21.18.14:859][761]LogModuleManager: Shutting down and abandoning module HTML5Networking (304)
[2020.12.23-21.18.14:859][761]LogModuleManager: Shutting down and abandoning module GeometryCacheTracks (302)
[2020.12.23-21.18.14:859][761]LogModuleManager: Shutting down and abandoning module GeometryCacheSequencer (301)
[2020.12.23-21.18.14:872][761]LogModuleManager: Shutting down and abandoning module GeometryCache (298)
[2020.12.23-21.18.14:872][761]LogModuleManager: Shutting down and abandoning module GeometryCacheEd (297)
[2020.12.23-21.18.14:872][761]LogModuleManager: Shutting down and abandoning module BackChannel (294)
[2020.12.23-21.18.14:872][761]LogModuleManager: Shutting down and abandoning module AutomationUtils (292)
[2020.12.23-21.18.14:872][761]LogModuleManager: Shutting down and abandoning module VariantManagerContent (290)
[2020.12.23-21.18.14:872][761]LogModuleManager: Shutting down and abandoning module CryptoKeysOpenSSL (288)
[2020.12.23-21.18.14:872][761]LogModuleManager: Shutting down and abandoning module CryptoKeys (286)
[2020.12.23-21.18.14:872][761]LogModuleManager: Shutting down and abandoning module VisualStudioSourceCodeAccess (284)
[2020.12.23-21.18.14:877][761]LogModuleManager: Shutting down and abandoning module HotReload (283)
[2020.12.23-21.18.14:890][761]LogModuleManager: Shutting down and abandoning module DirectoryWatcher (282)
[2020.12.23-21.18.14:900][761]LogModuleManager: Shutting down and abandoning module VisualStudioCodeSourceCodeAccess (278)
[2020.12.23-21.18.14:901][761]LogModuleManager: Shutting down and abandoning module UObjectPlugin (276)
[2020.12.23-21.18.14:901][761]LogModuleManager: Shutting down and abandoning module SubversionSourceControl (274)
[2020.12.23-21.18.14:920][761]LogModuleManager: Shutting down and abandoning module PerforceSourceControl (272)
[2020.12.23-21.18.14:925][761]LogModuleManager: Shutting down and abandoning module SourceControl (271)
[2020.12.23-21.18.14:925][761]LogModuleManager: Shutting down and abandoning module CLionSourceCodeAccess (268)
[2020.12.23-21.18.14:925][761]LogModuleManager: Shutting down and abandoning module ActorLayerUtilities (266)
[2020.12.23-21.18.14:925][761]LogModuleManager: Shutting down and abandoning module SignificanceManager (264)
[2020.12.23-21.18.14:925][761]LogModuleManager: Shutting down and abandoning module RuntimePhysXCooking (262)
[2020.12.23-21.18.14:925][761]LogModuleManager: Shutting down and abandoning module PhysXVehiclesEditor (260)
[2020.12.23-21.18.14:925][761]LogModuleManager: Shutting down and abandoning module LocationServicesBPLibrary (256)
[2020.12.23-21.18.14:925][761]LogModuleManager: Shutting down and abandoning module ActorSequence (254)
[2020.12.23-21.18.14:925][761]LogModuleManager: Shutting down and abandoning module UdpMessaging (252)
[2020.12.23-21.18.15:026][761]LogModuleManager: Shutting down and abandoning module TcpMessaging (250)
[2020.12.23-21.18.15:138][761]LogModuleManager: Shutting down and abandoning module MagicLeapIdentity (248)
[2020.12.23-21.18.15:138][761]LogModuleManager: Shutting down and abandoning module MagicLeapSecureStorage (246)
[2020.12.23-21.18.15:138][761]LogModuleManager: Shutting down and abandoning module MagicLeapHandTracking (244)
[2020.12.23-21.18.15:147][761]LogModuleManager: Shutting down and abandoning module MagicLeapEyeTracker (242)
[2020.12.23-21.18.15:147][761]LogModuleManager: Shutting down and abandoning module MagicLeapController (240)
[2020.12.23-21.18.15:147][761]LogSlate: Slate User Destroyed.  User Index 0, Is Virtual User: 0
[2020.12.23-21.18.15:147][761]LogModuleManager: Shutting down and abandoning module MagicLeapAR (238)
[2020.12.23-21.18.15:147][761]LogModuleManager: Shutting down and abandoning module AugmentedReality (237)
[2020.12.23-21.18.15:147][761]LogModuleManager: Shutting down and abandoning module GameplayTagsEditor (234)
[2020.12.23-21.18.15:160][761]LogModuleManager: Shutting down and abandoning module FacialAnimation (232)
[2020.12.23-21.18.15:160][761]LogModuleManager: Shutting down and abandoning module AssetManagerEditor (230)
[2020.12.23-21.18.15:172][761]LogModuleManager: Shutting down and abandoning module TreeMap (229)
[2020.12.23-21.18.15:177][761]LogModuleManager: Shutting down and abandoning module AnimationSharing (226)
[2020.12.23-21.18.15:177][761]LogModuleManager: Shutting down and abandoning module LightPropagationVolumeRuntime (224)
[2020.12.23-21.18.15:177][761]LogModuleManager: Shutting down and abandoning module Paper2D (222)
[2020.12.23-21.18.15:189][761]LogModuleManager: Shutting down and abandoning module WindowsMoviePlayer (220)
[2020.12.23-21.18.15:192][761]LogModuleManager: Shutting down and abandoning module WebMMoviePlayer (218)
[2020.12.23-21.18.15:192][761]LogModuleManager: Shutting down and abandoning module NetworkReplayStreaming (216)
[2020.12.23-21.18.15:192][761]LogModuleManager: Shutting down and abandoning module PacketHandler (214)
[2020.12.23-21.18.15:192][761]LogModuleManager: Shutting down and abandoning module ClothingSystemEditor (212)
[2020.12.23-21.18.15:192][761]LogModuleManager: Shutting down and abandoning module ClothingSystemRuntime (210)
[2020.12.23-21.18.15:210][761]LogModuleManager: Shutting down and abandoning module MediaAssets (208)
[2020.12.23-21.18.15:210][761]LogModuleManager: Shutting down and abandoning module Overlay (206)
[2020.12.23-21.18.15:210][761]LogModuleManager: Shutting down and abandoning module OverlayEditor (205)
[2020.12.23-21.18.15:210][761]LogModuleManager: Shutting down and abandoning module VREditor (202)
[2020.12.23-21.18.15:232][761]LogModuleManager: Shutting down and abandoning module StringTableEditor (200)
[2020.12.23-21.18.15:249][761]LogModuleManager: Shutting down and abandoning module GameplayTasksEditor (198)
[2020.12.23-21.18.15:249][761]LogModuleManager: Shutting down and abandoning module BehaviorTreeEditor (196)
[2020.12.23-21.18.15:269][761]LogModuleManager: Shutting down and abandoning module FunctionalTesting (194)
[2020.12.23-21.18.15:279][761]LogModuleManager: Shutting down and abandoning module CollisionAnalyzer (192)
[2020.12.23-21.18.15:286][761]LogModuleManager: Shutting down and abandoning module WorkspaceMenuStructure (191)
[2020.12.23-21.18.15:286][761]LogModuleManager: Shutting down and abandoning module UMG (188)
[2020.12.23-21.18.15:294][761]LogModuleManager: Shutting down and abandoning module UMGEditor (187)
[2020.12.23-21.18.15:301][761]LogModuleManager: Shutting down and abandoning module Sequencer (186)
[2020.12.23-21.18.15:374][761]LogModuleManager: Shutting down and abandoning module MessageLog (183)
[2020.12.23-21.18.15:387][761]LogModuleManager: Shutting down and abandoning module SlateReflector (178)
[2020.12.23-21.18.15:407][761]LogModuleManager: Shutting down and abandoning module Slate (176)
[2020.12.23-21.18.15:407][761]LogModuleManager: Shutting down and abandoning module LandscapeEditorUtilities (174)
[2020.12.23-21.18.15:407][761]LogModuleManager: Shutting down and abandoning module EditorStyle (172)
[2020.12.23-21.18.15:408][761]LogModuleManager: Shutting down and abandoning module UnrealEd (170)
[2020.12.23-21.18.15:415][761]LogModuleManager: Shutting down and abandoning module MRMesh (168)
[2020.12.23-21.18.15:415][761]LogModuleManager: Shutting down and abandoning module Messaging (166)
[2020.12.23-21.18.15:415][761]LogModuleManager: Shutting down and abandoning module SourceCodeAccess (164)
[2020.12.23-21.18.15:415][761]LogModuleManager: Shutting down and abandoning module HeadMountedDisplay (162)
[2020.12.23-21.18.15:415][761]LogModuleManager: Shutting down and abandoning module XAudio2 (160)
[2020.12.23-21.18.15:415][761]LogModuleManager: Shutting down and abandoning module Networking (158)
[2020.12.23-21.18.15:415][761]LogModuleManager: Shutting down and abandoning module Core (156)
[2020.12.23-21.18.15:415][761]LogModuleManager: Shutting down and abandoning module KismetCompiler (154)
[2020.12.23-21.18.15:415][761]LogModuleManager: Shutting down and abandoning module MeshUtilities (152)
[2020.12.23-21.18.15:425][761]LogModuleManager: Shutting down and abandoning module MeshMergeUtilities (151)
[2020.12.23-21.18.15:433][761]LogModuleManager: Shutting down and abandoning module MeshReductionInterface (150)
[2020.12.23-21.18.15:433][761]LogModuleManager: Shutting down and abandoning module SkeletalMeshReduction (149)
[2020.12.23-21.18.15:450][761]LogModuleManager: Shutting down and abandoning module ProxyLODMeshReduction (147)
[2020.12.23-21.18.15:465][761]LogModuleManager: Shutting down and abandoning module QuadricMeshReduction (145)
[2020.12.23-21.18.15:481][761]LogModuleManager: Shutting down and abandoning module MaterialBaking (141)
[2020.12.23-21.18.15:499][761]LogModuleManager: Shutting down and abandoning module NullInstallBundleManager (136)
[2020.12.23-21.18.15:499][761]LogModuleManager: Shutting down and abandoning module PIEPreviewDeviceProfileSelector (134)
[2020.12.23-21.18.15:513][761]LogModuleManager: Shutting down and abandoning module DerivedDataCache (132)
[2020.12.23-21.18.15:561][761]LogDerivedDataCache: Shutdown
[2020.12.23-21.18.15:571][761]LogModuleManager: Shutting down and abandoning module XGEController (130)
[2020.12.23-21.18.15:635][761]LogModuleManager: Shutting down and abandoning module TargetPlatform (128)
[2020.12.23-21.18.15:641][761]LogModuleManager: Shutting down and abandoning module VulkanShaderFormat (127)
[2020.12.23-21.18.15:650][761]LogModuleManager: Shutting down and abandoning module ShaderFormatVectorVM (125)
[2020.12.23-21.18.15:657][761]LogModuleManager: Shutting down and abandoning module ShaderFormatOpenGL (123)
[2020.12.23-21.18.15:661][761]LogModuleManager: Shutting down and abandoning module ShaderFormatD3D (121)
[2020.12.23-21.18.15:672][761]LogModuleManager: Shutting down and abandoning module MetalShaderFormat (119)
[2020.12.23-21.18.15:692][761]LogModuleManager: Shutting down and abandoning module TextureFormatUncompressed (117)
[2020.12.23-21.18.15:692][761]LogModuleManager: Shutting down and abandoning module TextureFormatPVR (115)
[2020.12.23-21.18.15:692][761]LogModuleManager: Shutting down and abandoning module TextureFormatDXT (113)
[2020.12.23-21.18.15:703][761]LogModuleManager: Shutting down and abandoning module TextureFormatIntelISPCTexComp (111)
[2020.12.23-21.18.15:708][761]LogModuleManager: Shutting down and abandoning module TextureFormatASTC (109)
[2020.12.23-21.18.15:708][761]LogModuleManager: Shutting down and abandoning module ImageWrapper (108)
[2020.12.23-21.18.15:708][761]LogModuleManager: Shutting down and abandoning module TextureFormatAndroid (105)
[2020.12.23-21.18.15:708][761]LogModuleManager: Shutting down and abandoning module AudioFormatOpus (103)
[2020.12.23-21.18.15:718][761]LogModuleManager: Shutting down and abandoning module AudioFormatOgg (101)
[2020.12.23-21.18.15:718][761]LogModuleManager: Shutting down and abandoning module AudioFormatADPCM (99)
[2020.12.23-21.18.15:719][761]LogModuleManager: Shutting down and abandoning module WindowsTargetPlatform (97)
[2020.12.23-21.18.15:719][761]LogModuleManager: Shutting down and abandoning module WindowsServerTargetPlatform (95)
[2020.12.23-21.18.15:719][761]LogModuleManager: Shutting down and abandoning module WindowsNoEditorTargetPlatform (93)
[2020.12.23-21.18.15:719][761]LogModuleManager: Shutting down and abandoning module WindowsClientTargetPlatform (91)
[2020.12.23-21.18.15:719][761]LogModuleManager: Shutting down and abandoning module InputCore (88)
[2020.12.23-21.18.15:719][761]LogModuleManager: Shutting down and abandoning module Settings (86)
[2020.12.23-21.18.15:719][761]LogModuleManager: Shutting down and abandoning module PhysXCooking (84)
[2020.12.23-21.18.15:719][761]LogModuleManager: Shutting down and abandoning module WindowsPlatformFeatures (82)
[2020.12.23-21.18.15:719][761]LogModuleManager: Shutting down and abandoning module GameplayMediaEncoder (81)
[2020.12.23-21.18.15:723][761]LogModuleManager: Shutting down and abandoning module SteamVR (78)
[2020.12.23-21.18.15:729][761]LogHMD: Freeing OpenVRDLLHandle.
[2020.12.23-21.18.15:729][761]LogModuleManager: Shutting down and abandoning module OculusHMD (76)
[2020.12.23-21.18.15:743][761]LogModuleManager: Shutting down and abandoning module ExampleDeviceProfileSelector (74)
[2020.12.23-21.18.15:743][761]LogModuleManager: Shutting down and abandoning module LauncherChunkInstaller (72)
[2020.12.23-21.18.15:743][761]LogModuleManager: Shutting down and abandoning module OnlineBlueprintSupport (70)
[2020.12.23-21.18.15:743][761]LogModuleManager: Shutting down and abandoning module OnlineSubsystem (66)
[2020.12.23-21.18.15:763][761]LogModuleManager: Shutting down and abandoning module XMPP (61)
[2020.12.23-21.18.15:779][761]LogModuleManager: Shutting down and abandoning module WebSockets (60)
[2020.12.23-21.18.15:819][761]LogModuleManager: Shutting down and abandoning module HTTP (57)
[2020.12.23-21.18.15:834][761]LogModuleManager: Shutting down and abandoning module SSL (56)
[2020.12.23-21.18.15:836][761]LogModuleManager: Shutting down and abandoning module WmfMedia (52)
[2020.12.23-21.18.15:913][761]LogModuleManager: Shutting down and abandoning module Media (51)
[2020.12.23-21.18.15:913][761]LogModuleManager: Shutting down and abandoning module MagicLeap (48)
[2020.12.23-21.18.15:923][761]LogModuleManager: Shutting down and abandoning module DatasmithContent (46)
[2020.12.23-21.18.15:943][761]LogModuleManager: Shutting down and abandoning module AISupportModule (44)
[2020.12.23-21.18.15:943][761]LogModuleManager: Shutting down and abandoning module PlatformCryptoOpenSSL (42)
[2020.12.23-21.18.15:954][761]LogModuleManager: Shutting down and abandoning module PlatformCrypto (40)
[2020.12.23-21.18.15:954][761]LogModuleManager: Shutting down and abandoning module AnimationModifiers (38)
[2020.12.23-21.18.15:968][761]LogModuleManager: Shutting down and abandoning module PropertyEditor (37)
[2020.12.23-21.18.15:993][761]LogModuleManager: Shutting down and abandoning module AudioEditor (34)
[2020.12.23-21.18.16:031][761]LogModuleManager: Shutting down and abandoning module TextureCompressor (32)
[2020.12.23-21.18.16:038][761]LogModuleManager: Shutting down and abandoning module RenderCore (30)
[2020.12.23-21.18.16:038][761]LogModuleManager: Shutting down and abandoning module Landscape (28)
[2020.12.23-21.18.16:038][761]LogModuleManager: Shutting down and abandoning module SlateRHIRenderer (26)
[2020.12.23-21.18.16:053][761]LogModuleManager: Shutting down and abandoning module OpenGLDrv (24)
[2020.12.23-21.18.16:070][761]LogModuleManager: Shutting down and abandoning module D3D11RHI (22)
[2020.12.23-21.18.16:070][761]LogModuleManager: Shutting down and abandoning module AnimGraphRuntime (20)
[2020.12.23-21.18.16:081][761]LogModuleManager: Shutting down and abandoning module Renderer (18)
[2020.12.23-21.18.16:081][761]LogModuleManager: Shutting down and abandoning module Engine (16)
[2020.12.23-21.18.16:081][761]LogModuleManager: Shutting down and abandoning module CoreUObject (14)
[2020.12.23-21.18.16:081][761]LogModuleManager: Shutting down and abandoning module NetworkFile (12)
[2020.12.23-21.18.16:091][761]LogModuleManager: Shutting down and abandoning module CookedIterativeFile (10)
[2020.12.23-21.18.16:091][761]LogModuleManager: Shutting down and abandoning module StreamingFile (8)
[2020.12.23-21.18.16:101][761]LogModuleManager: Shutting down and abandoning module SandboxFile (6)
[2020.12.23-21.18.16:101][761]LogModuleManager: Shutting down and abandoning module PakFile (4)
[2020.12.23-21.18.16:184][761]LogModuleManager: Shutting down and abandoning module RSA (3)
[2020.12.23-21.18.16:192][761]LogD3D11RHI: Shutdown
[2020.12.23-21.18.16:205][761]LogD3D11RHI: CleanupD3DDevice
[2020.12.23-21.18.16:242][761]LogRendererCore: FGlobalDynamicReadBuffer::Cleanup()
[2020.12.23-21.18.16:247][761]LogRendererCore: FGlobalDynamicReadBuffer::Cleanup()
[2020.12.23-21.18.16:247][761]LogRendererCore: FGlobalDynamicReadBuffer::Cleanup()
[2020.12.23-21.18.16:304][761]LogD3D11RHI: ~FD3D11DynamicRHI
[2020.12.23-21.18.16:307][761]LogExit: Exiting.
[2020.12.23-21.18.16:377][761]Log file closed, 12/23/20 22:18:16
